<?xml version="1.0" encoding="UTF-8"?>
<testsuite xmlns:xsi="http://www.w3.org/2001/XMLSchema-instance" xsi:noNamespaceSchemaLocation="https://maven.apache.org/surefire/maven-surefire-plugin/xsd/surefire-test-report.xsd" name="org.apache.xmpbox.schema.PhotoshopSchemaTest" time="0.003" tests="162" errors="0" skipped="0" failures="0">
  <properties>
[...]
</properties>
  <testcase name="testPropertySetterInArray[0]" classname="org.apache.xmpbox.schema.PhotoshopSchemaTest" time="0"/>
  <testcase name="testSettingValueInArray[0]" classname="org.apache.xmpbox.schema.PhotoshopSchemaTest" time="0"/>
  <testcase name="testRandomSettingValueInArray[0]" classname="org.apache.xmpbox.schema.PhotoshopSchemaTest" time="0"/>
  <testcase name="testRandomPropertySetterSimple[0]" classname="org.apache.xmpbox.schema.PhotoshopSchemaTest" time="0"/>
  <testcase name="testRandomPropertySetterInArray[0]" classname="org.apache.xmpbox.schema.PhotoshopSchemaTest" time="0"/>
  <testcase name="testInitializedToNull[0]" classname="org.apache.xmpbox.schema.PhotoshopSchemaTest" time="0"/>
  <testcase name="testSettingValue[0]" classname="org.apache.xmpbox.schema.PhotoshopSchemaTest" time="0"/>
  <testcase name="testRandomSettingValue[0]" classname="org.apache.xmpbox.schema.PhotoshopSchemaTest" time="0"/>
  <testcase name="testPropertySetterSimple[0]" classname="org.apache.xmpbox.schema.PhotoshopSchemaTest" time="0"/>
  <testcase name="testPropertySetterInArray[1]" classname="org.apache.xmpbox.schema.PhotoshopSchemaTest" time="0"/>
  <testcase name="testSettingValueInArray[1]" classname="org.apache.xmpbox.schema.PhotoshopSchemaTest" time="0"/>
  <testcase name="testRandomSettingValueInArray[1]" classname="org.apache.xmpbox.schema.PhotoshopSchemaTest" time="0"/>
  <testcase name="testRandomPropertySetterSimple[1]" classname="org.apache.xmpbox.schema.PhotoshopSchemaTest" time="0"/>
  <testcase name="testRandomPropertySetterInArray[1]" classname="org.apache.xmpbox.schema.PhotoshopSchemaTest" time="0"/>
  <testcase name="testInitializedToNull[1]" classname="org.apache.xmpbox.schema.PhotoshopSchemaTest" time="0"/>
  <testcase name="testSettingValue[1]" classname="org.apache.xmpbox.schema.PhotoshopSchemaTest" time="0"/>
  <testcase name="testRandomSettingValue[1]" classname="org.apache.xmpbox.schema.PhotoshopSchemaTest" time="0"/>
  <testcase name="testPropertySetterSimple[1]" classname="org.apache.xmpbox.schema.PhotoshopSchemaTest" time="0"/>
  <testcase name="testPropertySetterInArray[2]" classname="org.apache.xmpbox.schema.PhotoshopSchemaTest" time="0"/>
  <testcase name="testSettingValueInArray[2]" classname="org.apache.xmpbox.schema.PhotoshopSchemaTest" time="0"/>
  <testcase name="testRandomSettingValueInArray[2]" classname="org.apache.xmpbox.schema.PhotoshopSchemaTest" time="0"/>
  <testcase name="testRandomPropertySetterSimple[2]" classname="org.apache.xmpbox.schema.PhotoshopSchemaTest" time="0"/>
  <testcase name="testRandomPropertySetterInArray[2]" classname="org.apache.xmpbox.schema.PhotoshopSchemaTest" time="0"/>
  <testcase name="testInitializedToNull[2]" classname="org.apache.xmpbox.schema.PhotoshopSchemaTest" time="0"/>
  <testcase name="testSettingValue[2]" classname="org.apache.xmpbox.schema.PhotoshopSchemaTest" time="0"/>
  <testcase name="testRandomSettingValue[2]" classname="org.apache.xmpbox.schema.PhotoshopSchemaTest" time="0"/>
  <testcase name="testPropertySetterSimple[2]" classname="org.apache.xmpbox.schema.PhotoshopSchemaTest" time="0"/>
  <testcase name="testPropertySetterInArray[3]" classname="org.apache.xmpbox.schema.PhotoshopSchemaTest" time="0"/>
  <testcase name="testSettingValueInArray[3]" classname="org.apache.xmpbox.schema.PhotoshopSchemaTest" time="0"/>
  <testcase name="testRandomSettingValueInArray[3]" classname="org.apache.xmpbox.schema.PhotoshopSchemaTest" time="0"/>
  <testcase name="testRandomPropertySetterSimple[3]" classname="org.apache.xmpbox.schema.PhotoshopSchemaTest" time="0"/>
  <testcase name="testRandomPropertySetterInArray[3]" classname="org.apache.xmpbox.schema.PhotoshopSchemaTest" time="0"/>
  <testcase name="testInitializedToNull[3]" classname="org.apache.xmpbox.schema.PhotoshopSchemaTest" time="0"/>
  <testcase name="testSettingValue[3]" classname="org.apache.xmpbox.schema.PhotoshopSchemaTest" time="0"/>
  <testcase name="testRandomSettingValue[3]" classname="org.apache.xmpbox.schema.PhotoshopSchemaTest" time="0"/>
  <testcase name="testPropertySetterSimple[3]" classname="org.apache.xmpbox.schema.PhotoshopSchemaTest" time="0"/>
  <testcase name="testPropertySetterInArray[4]" classname="org.apache.xmpbox.schema.PhotoshopSchemaTest" time="0"/>
  <testcase name="testSettingValueInArray[4]" classname="org.apache.xmpbox.schema.PhotoshopSchemaTest" time="0"/>
  <testcase name="testRandomSettingValueInArray[4]" classname="org.apache.xmpbox.schema.PhotoshopSchemaTest" time="0"/>
  <testcase name="testRandomPropertySetterSimple[4]" classname="org.apache.xmpbox.schema.PhotoshopSchemaTest" time="0"/>
  <testcase name="testRandomPropertySetterInArray[4]" classname="org.apache.xmpbox.schema.PhotoshopSchemaTest" time="0"/>
  <testcase name="testInitializedToNull[4]" classname="org.apache.xmpbox.schema.PhotoshopSchemaTest" time="0"/>
  <testcase name="testSettingValue[4]" classname="org.apache.xmpbox.schema.PhotoshopSchemaTest" time="0"/>
  <testcase name="testRandomSettingValue[4]" classname="org.apache.xmpbox.schema.PhotoshopSchemaTest" time="0"/>
  <testcase name="testPropertySetterSimple[4]" classname="org.apache.xmpbox.schema.PhotoshopSchemaTest" time="0"/>
  <testcase name="testPropertySetterInArray[5]" classname="org.apache.xmpbox.schema.PhotoshopSchemaTest" time="0"/>
  <testcase name="testSettingValueInArray[5]" classname="org.apache.xmpbox.schema.PhotoshopSchemaTest" time="0"/>
  <testcase name="testRandomSettingValueInArray[5]" classname="org.apache.xmpbox.schema.PhotoshopSchemaTest" time="0"/>
  <testcase name="testRandomPropertySetterSimple[5]" classname="org.apache.xmpbox.schema.PhotoshopSchemaTest" time="0"/>
  <testcase name="testRandomPropertySetterInArray[5]" classname="org.apache.xmpbox.schema.PhotoshopSchemaTest" time="0"/>
  <testcase name="testInitializedToNull[5]" classname="org.apache.xmpbox.schema.PhotoshopSchemaTest" time="0"/>
  <testcase name="testSettingValue[5]" classname="org.apache.xmpbox.schema.PhotoshopSchemaTest" time="0"/>
  <testcase name="testRandomSettingValue[5]" classname="org.apache.xmpbox.schema.PhotoshopSchemaTest" time="0"/>
  <testcase name="testPropertySetterSimple[5]" classname="org.apache.xmpbox.schema.PhotoshopSchemaTest" time="0"/>
  <testcase name="testPropertySetterInArray[6]" classname="org.apache.xmpbox.schema.PhotoshopSchemaTest" time="0"/>
  <testcase name="testSettingValueInArray[6]" classname="org.apache.xmpbox.schema.PhotoshopSchemaTest" time="0"/>
  <testcase name="testRandomSettingValueInArray[6]" classname="org.apache.xmpbox.schema.PhotoshopSchemaTest" time="0"/>
  <testcase name="testRandomPropertySetterSimple[6]" classname="org.apache.xmpbox.schema.PhotoshopSchemaTest" time="0"/>
  <testcase name="testRandomPropertySetterInArray[6]" classname="org.apache.xmpbox.schema.PhotoshopSchemaTest" time="0"/>
  <testcase name="testInitializedToNull[6]" classname="org.apache.xmpbox.schema.PhotoshopSchemaTest" time="0"/>
  <testcase name="testSettingValue[6]" classname="org.apache.xmpbox.schema.PhotoshopSchemaTest" time="0"/>
  <testcase name="testRandomSettingValue[6]" classname="org.apache.xmpbox.schema.PhotoshopSchemaTest" time="0"/>
  <testcase name="testPropertySetterSimple[6]" classname="org.apache.xmpbox.schema.PhotoshopSchemaTest" time="0"/>
  <testcase name="testPropertySetterInArray[7]" classname="org.apache.xmpbox.schema.PhotoshopSchemaTest" time="0"/>
  <testcase name="testSettingValueInArray[7]" classname="org.apache.xmpbox.schema.PhotoshopSchemaTest" time="0"/>
  <testcase name="testRandomSettingValueInArray[7]" classname="org.apache.xmpbox.schema.PhotoshopSchemaTest" time="0"/>
  <testcase name="testRandomPropertySetterSimple[7]" classname="org.apache.xmpbox.schema.PhotoshopSchemaTest" time="0"/>
  <testcase name="testRandomPropertySetterInArray[7]" classname="org.apache.xmpbox.schema.PhotoshopSchemaTest" time="0"/>
  <testcase name="testInitializedToNull[7]" classname="org.apache.xmpbox.schema.PhotoshopSchemaTest" time="0"/>
  <testcase name="testSettingValue[7]" classname="org.apache.xmpbox.schema.PhotoshopSchemaTest" time="0"/>
  <testcase name="testRandomSettingValue[7]" classname="org.apache.xmpbox.schema.PhotoshopSchemaTest" time="0.001"/>
  <testcase name="testPropertySetterSimple[7]" classname="org.apache.xmpbox.schema.PhotoshopSchemaTest" time="0"/>
  <testcase name="testPropertySetterInArray[8]" classname="org.apache.xmpbox.schema.PhotoshopSchemaTest" time="0"/>
  <testcase name="testSettingValueInArray[8]" classname="org.apache.xmpbox.schema.PhotoshopSchemaTest" time="0"/>
  <testcase name="testRandomSettingValueInArray[8]" classname="org.apache.xmpbox.schema.PhotoshopSchemaTest" time="0"/>
  <testcase name="testRandomPropertySetterSimple[8]" classname="org.apache.xmpbox.schema.PhotoshopSchemaTest" time="0"/>
  <testcase name="testRandomPropertySetterInArray[8]" classname="org.apache.xmpbox.schema.PhotoshopSchemaTest" time="0"/>
  <testcase name="testInitializedToNull[8]" classname="org.apache.xmpbox.schema.PhotoshopSchemaTest" time="0"/>
  <testcase name="testSettingValue[8]" classname="org.apache.xmpbox.schema.PhotoshopSchemaTest" time="0"/>
  <testcase name="testRandomSettingValue[8]" classname="org.apache.xmpbox.schema.PhotoshopSchemaTest" time="0"/>
  <testcase name="testPropertySetterSimple[8]" classname="org.apache.xmpbox.schema.PhotoshopSchemaTest" time="0"/>
  <testcase name="testPropertySetterInArray[9]" classname="org.apache.xmpbox.schema.PhotoshopSchemaTest" time="0"/>
  <testcase name="testSettingValueInArray[9]" classname="org.apache.xmpbox.schema.PhotoshopSchemaTest" time="0"/>
  <testcase name="testRandomSettingValueInArray[9]" classname="org.apache.xmpbox.schema.PhotoshopSchemaTest" time="0"/>
  <testcase name="testRandomPropertySetterSimple[9]" classname="org.apache.xmpbox.schema.PhotoshopSchemaTest" time="0"/>
  <testcase name="testRandomPropertySetterInArray[9]" classname="org.apache.xmpbox.schema.PhotoshopSchemaTest" time="0"/>
  <testcase name="testInitializedToNull[9]" classname="org.apache.xmpbox.schema.PhotoshopSchemaTest" time="0"/>
  <testcase name="testSettingValue[9]" classname="org.apache.xmpbox.schema.PhotoshopSchemaTest" time="0"/>
  <testcase name="testRandomSettingValue[9]" classname="org.apache.xmpbox.schema.PhotoshopSchemaTest" time="0"/>
  <testcase name="testPropertySetterSimple[9]" classname="org.apache.xmpbox.schema.PhotoshopSchemaTest" time="0"/>
  <testcase name="testPropertySetterInArray[10]" classname="org.apache.xmpbox.schema.PhotoshopSchemaTest" time="0"/>
  <testcase name="testSettingValueInArray[10]" classname="org.apache.xmpbox.schema.PhotoshopSchemaTest" time="0"/>
  <testcase name="testRandomSettingValueInArray[10]" classname="org.apache.xmpbox.schema.PhotoshopSchemaTest" time="0"/>
  <testcase name="testRandomPropertySetterSimple[10]" classname="org.apache.xmpbox.schema.PhotoshopSchemaTest" time="0"/>
  <testcase name="testRandomPropertySetterInArray[10]" classname="org.apache.xmpbox.schema.PhotoshopSchemaTest" time="0"/>
  <testcase name="testInitializedToNull[10]" classname="org.apache.xmpbox.schema.PhotoshopSchemaTest" time="0"/>
  <testcase name="testSettingValue[10]" classname="org.apache.xmpbox.schema.PhotoshopSchemaTest" time="0"/>
  <testcase name="testRandomSettingValue[10]" classname="org.apache.xmpbox.schema.PhotoshopSchemaTest" time="0"/>
  <testcase name="testPropertySetterSimple[10]" classname="org.apache.xmpbox.schema.PhotoshopSchemaTest" time="0"/>
  <testcase name="testPropertySetterInArray[11]" classname="org.apache.xmpbox.schema.PhotoshopSchemaTest" time="0"/>
  <testcase name="testSettingValueInArray[11]" classname="org.apache.xmpbox.schema.PhotoshopSchemaTest" time="0"/>
  <testcase name="testRandomSettingValueInArray[11]" classname="org.apache.xmpbox.schema.PhotoshopSchemaTest" time="0"/>
  <testcase name="testRandomPropertySetterSimple[11]" classname="org.apache.xmpbox.schema.PhotoshopSchemaTest" time="0"/>
  <testcase name="testRandomPropertySetterInArray[11]" classname="org.apache.xmpbox.schema.PhotoshopSchemaTest" time="0"/>
  <testcase name="testInitializedToNull[11]" classname="org.apache.xmpbox.schema.PhotoshopSchemaTest" time="0"/>
  <testcase name="testSettingValue[11]" classname="org.apache.xmpbox.schema.PhotoshopSchemaTest" time="0"/>
  <testcase name="testRandomSettingValue[11]" classname="org.apache.xmpbox.schema.PhotoshopSchemaTest" time="0"/>
  <testcase name="testPropertySetterSimple[11]" classname="org.apache.xmpbox.schema.PhotoshopSchemaTest" time="0"/>
  <testcase name="testPropertySetterInArray[12]" classname="org.apache.xmpbox.schema.PhotoshopSchemaTest" time="0"/>
  <testcase name="testSettingValueInArray[12]" classname="org.apache.xmpbox.schema.PhotoshopSchemaTest" time="0"/>
  <testcase name="testRandomSettingValueInArray[12]" classname="org.apache.xmpbox.schema.PhotoshopSchemaTest" time="0"/>
  <testcase name="testRandomPropertySetterSimple[12]" classname="org.apache.xmpbox.schema.PhotoshopSchemaTest" time="0"/>
  <testcase name="testRandomPropertySetterInArray[12]" classname="org.apache.xmpbox.schema.PhotoshopSchemaTest" time="0"/>
  <testcase name="testInitializedToNull[12]" classname="org.apache.xmpbox.schema.PhotoshopSchemaTest" time="0"/>
  <testcase name="testSettingValue[12]" classname="org.apache.xmpbox.schema.PhotoshopSchemaTest" time="0"/>
  <testcase name="testRandomSettingValue[12]" classname="org.apache.xmpbox.schema.PhotoshopSchemaTest" time="0"/>
  <testcase name="testPropertySetterSimple[12]" classname="org.apache.xmpbox.schema.PhotoshopSchemaTest" time="0"/>
  <testcase name="testPropertySetterInArray[13]" classname="org.apache.xmpbox.schema.PhotoshopSchemaTest" time="0"/>
  <testcase name="testSettingValueInArray[13]" classname="org.apache.xmpbox.schema.PhotoshopSchemaTest" time="0"/>
  <testcase name="testRandomSettingValueInArray[13]" classname="org.apache.xmpbox.schema.PhotoshopSchemaTest" time="0.001"/>
  <testcase name="testRandomPropertySetterSimple[13]" classname="org.apache.xmpbox.schema.PhotoshopSchemaTest" time="0"/>
  <testcase name="testRandomPropertySetterInArray[13]" classname="org.apache.xmpbox.schema.PhotoshopSchemaTest" time="0"/>
  <testcase name="testInitializedToNull[13]" classname="org.apache.xmpbox.schema.PhotoshopSchemaTest" time="0"/>
  <testcase name="testSettingValue[13]" classname="org.apache.xmpbox.schema.PhotoshopSchemaTest" time="0"/>
  <testcase name="testRandomSettingValue[13]" classname="org.apache.xmpbox.schema.PhotoshopSchemaTest" time="0"/>
  <testcase name="testPropertySetterSimple[13]" classname="org.apache.xmpbox.schema.PhotoshopSchemaTest" time="0"/>
  <testcase name="testPropertySetterInArray[14]" classname="org.apache.xmpbox.schema.PhotoshopSchemaTest" time="0"/>
  <testcase name="testSettingValueInArray[14]" classname="org.apache.xmpbox.schema.PhotoshopSchemaTest" time="0"/>
  <testcase name="testRandomSettingValueInArray[14]" classname="org.apache.xmpbox.schema.PhotoshopSchemaTest" time="0"/>
  <testcase name="testRandomPropertySetterSimple[14]" classname="org.apache.xmpbox.schema.PhotoshopSchemaTest" time="0"/>
  <testcase name="testRandomPropertySetterInArray[14]" classname="org.apache.xmpbox.schema.PhotoshopSchemaTest" time="0"/>
  <testcase name="testInitializedToNull[14]" classname="org.apache.xmpbox.schema.PhotoshopSchemaTest" time="0"/>
  <testcase name="testSettingValue[14]" classname="org.apache.xmpbox.schema.PhotoshopSchemaTest" time="0"/>
  <testcase name="testRandomSettingValue[14]" classname="org.apache.xmpbox.schema.PhotoshopSchemaTest" time="0"/>
  <testcase name="testPropertySetterSimple[14]" classname="org.apache.xmpbox.schema.PhotoshopSchemaTest" time="0"/>
  <testcase name="testPropertySetterInArray[15]" classname="org.apache.xmpbox.schema.PhotoshopSchemaTest" time="0"/>
  <testcase name="testSettingValueInArray[15]" classname="org.apache.xmpbox.schema.PhotoshopSchemaTest" time="0"/>
  <testcase name="testRandomSettingValueInArray[15]" classname="org.apache.xmpbox.schema.PhotoshopSchemaTest" time="0"/>
  <testcase name="testRandomPropertySetterSimple[15]" classname="org.apache.xmpbox.schema.PhotoshopSchemaTest" time="0"/>
  <testcase name="testRandomPropertySetterInArray[15]" classname="org.apache.xmpbox.schema.PhotoshopSchemaTest" time="0"/>
  <testcase name="testInitializedToNull[15]" classname="org.apache.xmpbox.schema.PhotoshopSchemaTest" time="0"/>
  <testcase name="testSettingValue[15]" classname="org.apache.xmpbox.schema.PhotoshopSchemaTest" time="0"/>
  <testcase name="testRandomSettingValue[15]" classname="org.apache.xmpbox.schema.PhotoshopSchemaTest" time="0"/>
  <testcase name="testPropertySetterSimple[15]" classname="org.apache.xmpbox.schema.PhotoshopSchemaTest" time="0"/>
  <testcase name="testPropertySetterInArray[16]" classname="org.apache.xmpbox.schema.PhotoshopSchemaTest" time="0"/>
  <testcase name="testSettingValueInArray[16]" classname="org.apache.xmpbox.schema.PhotoshopSchemaTest" time="0"/>
  <testcase name="testRandomSettingValueInArray[16]" classname="org.apache.xmpbox.schema.PhotoshopSchemaTest" time="0"/>
  <testcase name="testRandomPropertySetterSimple[16]" classname="org.apache.xmpbox.schema.PhotoshopSchemaTest" time="0"/>
  <testcase name="testRandomPropertySetterInArray[16]" classname="org.apache.xmpbox.schema.PhotoshopSchemaTest" time="0"/>
  <testcase name="testInitializedToNull[16]" classname="org.apache.xmpbox.schema.PhotoshopSchemaTest" time="0"/>
  <testcase name="testSettingValue[16]" classname="org.apache.xmpbox.schema.PhotoshopSchemaTest" time="0"/>
  <testcase name="testRandomSettingValue[16]" classname="org.apache.xmpbox.schema.PhotoshopSchemaTest" time="0"/>
  <testcase name="testPropertySetterSimple[16]" classname="org.apache.xmpbox.schema.PhotoshopSchemaTest" time="0"/>
  <testcase name="testPropertySetterInArray[17]" classname="org.apache.xmpbox.schema.PhotoshopSchemaTest" time="0"/>
  <testcase name="testSettingValueInArray[17]" classname="org.apache.xmpbox.schema.PhotoshopSchemaTest" time="0"/>
  <testcase name="testRandomSettingValueInArray[17]" classname="org.apache.xmpbox.schema.PhotoshopSchemaTest" time="0"/>
  <testcase name="testRandomPropertySetterSimple[17]" classname="org.apache.xmpbox.schema.PhotoshopSchemaTest" time="0"/>
  <testcase name="testRandomPropertySetterInArray[17]" classname="org.apache.xmpbox.schema.PhotoshopSchemaTest" time="0"/>
  <testcase name="testInitializedToNull[17]" classname="org.apache.xmpbox.schema.PhotoshopSchemaTest" time="0"/>
  <testcase name="testSettingValue[17]" classname="org.apache.xmpbox.schema.PhotoshopSchemaTest" time="0"/>
  <testcase name="testRandomSettingValue[17]" classname="org.apache.xmpbox.schema.PhotoshopSchemaTest" time="0"/>
  <testcase name="testPropertySetterSimple[17]" classname="org.apache.xmpbox.schema.PhotoshopSchemaTest" time="0"/>
</testsuite>