<?xml version="1.0" encoding="UTF-8"?>
<testsuite xmlns:xsi="http://www.w3.org/2001/XMLSchema-instance" xsi:noNamespaceSchemaLocation="https://maven.apache.org/surefire/maven-surefire-plugin/xsd/surefire-test-report.xsd" name="org.apache.pdfbox.multipdf.PDFMergerUtilityTest" time="6.813" tests="19" errors="0" skipped="0" failures="0">
  <properties>
[...]
</properties>
  <testcase name="testStructureTreeMergeIDTree" classname="org.apache.pdfbox.multipdf.PDFMergerUtilityTest" time="0.22"/>
  <testcase name="testPDFMergerUtility" classname="org.apache.pdfbox.multipdf.PDFMergerUtilityTest" time="1.1"/>
  <testcase name="testJpegCcitt" classname="org.apache.pdfbox.multipdf.PDFMergerUtilityTest" time="1.62"/>
  <testcase name="testParentTree" classname="org.apache.pdfbox.multipdf.PDFMergerUtilityTest" time="0.022"/>
  <testcase name="testMergeBogusStructParents1" classname="org.apache.pdfbox.multipdf.PDFMergerUtilityTest" time="0.018"/>
  <testcase name="testMergeBogusStructParents2" classname="org.apache.pdfbox.multipdf.PDFMergerUtilityTest" time="0.014"/>
  <testcase name="testStructureTreeMerge2" classname="org.apache.pdfbox.multipdf.PDFMergerUtilityTest" time="0.241"/>
  <testcase name="testStructureTreeMerge3" classname="org.apache.pdfbox.multipdf.PDFMergerUtilityTest" time="0.076"/>
  <testcase name="testStructureTreeMerge4" classname="org.apache.pdfbox.multipdf.PDFMergerUtilityTest" time="0.179"/>
  <testcase name="testStructureTreeMerge5" classname="org.apache.pdfbox.multipdf.PDFMergerUtilityTest" time="0.078"/>
  <testcase name="testStructureTreeMerge6" classname="org.apache.pdfbox.multipdf.PDFMergerUtilityTest" time="0.866"/>
  <testcase name="testStructureTreeMerge7" classname="org.apache.pdfbox.multipdf.PDFMergerUtilityTest" time="0.25"/>
  <testcase name="testMissingParentTreeNextKey" classname="org.apache.pdfbox.multipdf.PDFMergerUtilityTest" time="0.686"/>
  <testcase name="testStructureTreeMerge" classname="org.apache.pdfbox.multipdf.PDFMergerUtilityTest" time="0.163"/>
  <testcase name="testFileDeletion" classname="org.apache.pdfbox.multipdf.PDFMergerUtilityTest" time="0.073"/>
  <testcase name="testPDFMergerUtility2" classname="org.apache.pdfbox.multipdf.PDFMergerUtilityTest" time="1.022"/>
  <testcase name="testPDFBox5198_2" classname="org.apache.pdfbox.multipdf.PDFMergerUtilityTest" time="0.05"/>
  <testcase name="testPDFBox5198_3" classname="org.apache.pdfbox.multipdf.PDFMergerUtilityTest" time="0.046"/>
  <testcase name="testPDFMergerOpenAction" classname="org.apache.pdfbox.multipdf.PDFMergerUtilityTest" time="0.077"/>
</testsuite>