<?xml version="1.0" encoding="UTF-8"?>
<testsuite xmlns:xsi="http://www.w3.org/2001/XMLSchema-instance" xsi:noNamespaceSchemaLocation="https://maven.apache.org/surefire/maven-surefire-plugin/xsd/surefire-test-report.xsd" name="org.apache.pdfbox.preflight.TestIsartorBavaria" time="15.387" tests="204" errors="0" skipped="0" failures="0">
  <properties>
[...]
</properties>
  <testcase name="validate[target\pdfs\Isartor testsuite\PDFA-1b\6.1 File structure\6.1.10 Filters\isartor-6-1-10-t01-fail-a.pdf]" classname="org.apache.pdfbox.preflight.TestIsartorBavaria" time="0.057"/>
  <testcase name="validate[target\pdfs\Isartor testsuite\PDFA-1b\6.1 File structure\6.1.10 Filters\isartor-6-1-10-t01-fail-b.pdf]" classname="org.apache.pdfbox.preflight.TestIsartorBavaria" time="0.047"/>
  <testcase name="validate[target\pdfs\Isartor testsuite\PDFA-1b\6.1 File structure\6.1.10 Filters\isartor-6-1-10-t01-fail-c.pdf]" classname="org.apache.pdfbox.preflight.TestIsartorBavaria" time="0.036"/>
  <testcase name="validate[target\pdfs\Isartor testsuite\PDFA-1b\6.1 File structure\6.1.11 Embedded Files\isartor-6-1-11-t01-fail-a.pdf]" classname="org.apache.pdfbox.preflight.TestIsartorBavaria" time="0.028"/>
  <testcase name="validate[target\pdfs\Isartor testsuite\PDFA-1b\6.1 File structure\6.1.11 Embedded Files\isartor-6-1-11-t02-fail-a.pdf]" classname="org.apache.pdfbox.preflight.TestIsartorBavaria" time="0.036"/>
  <testcase name="validate[target\pdfs\Isartor testsuite\PDFA-1b\6.1 File structure\6.1.12 Implementation Limits\isartor-6-1-12-t01-fail-a.pdf]" classname="org.apache.pdfbox.preflight.TestIsartorBavaria" time="1.721"/>
  <testcase name="validate[target\pdfs\Isartor testsuite\PDFA-1b\6.1 File structure\6.1.12 Implementation Limits\isartor-6-1-12-t01-fail-b.pdf]" classname="org.apache.pdfbox.preflight.TestIsartorBavaria" time="0.042"/>
  <testcase name="validate[target\pdfs\Isartor testsuite\PDFA-1b\6.1 File structure\6.1.12 Implementation Limits\isartor-6-1-12-t01-fail-c.pdf]" classname="org.apache.pdfbox.preflight.TestIsartorBavaria" time="0.036"/>
  <testcase name="validate[target\pdfs\Isartor testsuite\PDFA-1b\6.1 File structure\6.1.12 Implementation Limits\isartor-6-1-12-t01-fail-d.pdf]" classname="org.apache.pdfbox.preflight.TestIsartorBavaria" time="0.042"/>
  <testcase name="validate[target\pdfs\Isartor testsuite\PDFA-1b\6.1 File structure\6.1.13 Optional content\isartor-6-1-13-t01-fail-a.pdf]" classname="org.apache.pdfbox.preflight.TestIsartorBavaria" time="0.043"/>
  <testcase name="validate[target\pdfs\Isartor testsuite\PDFA-1b\6.1 File structure\6.1.2 File header\isartor-6-1-2-t01-fail-a.pdf]" classname="org.apache.pdfbox.preflight.TestIsartorBavaria" time="0.022"/>
  <testcase name="validate[target\pdfs\Isartor testsuite\PDFA-1b\6.1 File structure\6.1.2 File header\isartor-6-1-2-t02-fail-a.pdf]" classname="org.apache.pdfbox.preflight.TestIsartorBavaria" time="0.027"/>
  <testcase name="validate[target\pdfs\Isartor testsuite\PDFA-1b\6.1 File structure\6.1.3 File trailer\isartor-6-1-3-t01-fail-a.pdf]" classname="org.apache.pdfbox.preflight.TestIsartorBavaria" time="0.046"/>
  <testcase name="validate[target\pdfs\Isartor testsuite\PDFA-1b\6.1 File structure\6.1.3 File trailer\isartor-6-1-3-t02-fail-a.pdf]" classname="org.apache.pdfbox.preflight.TestIsartorBavaria" time="0.083"/>
  <testcase name="validate[target\pdfs\Isartor testsuite\PDFA-1b\6.1 File structure\6.1.3 File trailer\isartor-6-1-3-t03-fail-a.pdf]" classname="org.apache.pdfbox.preflight.TestIsartorBavaria" time="0.036"/>
  <testcase name="validate[target\pdfs\Isartor testsuite\PDFA-1b\6.1 File structure\6.1.3 File trailer\isartor-6-1-3-t04-fail-a.pdf]" classname="org.apache.pdfbox.preflight.TestIsartorBavaria" time="0.054"/>
  <testcase name="validate[target\pdfs\Isartor testsuite\PDFA-1b\6.1 File structure\6.1.4 Cross reference trailer\isartor-6-1-4-t01-fail-a.pdf]" classname="org.apache.pdfbox.preflight.TestIsartorBavaria" time="0.042"/>
  <testcase name="validate[target\pdfs\Isartor testsuite\PDFA-1b\6.1 File structure\6.1.4 Cross reference trailer\isartor-6-1-4-t02-fail-a.pdf]" classname="org.apache.pdfbox.preflight.TestIsartorBavaria" time="0.037"/>
  <testcase name="validate[target\pdfs\Isartor testsuite\PDFA-1b\6.1 File structure\6.1.6 String objects\isartor-6-1-6-t01-fail-a.pdf]" classname="org.apache.pdfbox.preflight.TestIsartorBavaria" time="0.084"/>
  <testcase name="validate[target\pdfs\Isartor testsuite\PDFA-1b\6.1 File structure\6.1.7 Stream objects\isartor-6-1-7-t01-fail-a.pdf]" classname="org.apache.pdfbox.preflight.TestIsartorBavaria" time="0.034"/>
  <testcase name="validate[target\pdfs\Isartor testsuite\PDFA-1b\6.1 File structure\6.1.7 Stream objects\isartor-6-1-7-t02-fail-a.pdf]" classname="org.apache.pdfbox.preflight.TestIsartorBavaria" time="0.078"/>
  <testcase name="validate[target\pdfs\Isartor testsuite\PDFA-1b\6.1 File structure\6.1.7 Stream objects\isartor-6-1-7-t03-fail-a.pdf]" classname="org.apache.pdfbox.preflight.TestIsartorBavaria" time="0.022"/>
  <testcase name="validate[target\pdfs\Isartor testsuite\PDFA-1b\6.1 File structure\6.1.7 Stream objects\isartor-6-1-7-t04-fail-a.pdf]" classname="org.apache.pdfbox.preflight.TestIsartorBavaria" time="0.099"/>
  <testcase name="validate[target\pdfs\Isartor testsuite\PDFA-1b\6.1 File structure\6.1.7 Stream objects\isartor-6-1-7-t04-fail-b.pdf]" classname="org.apache.pdfbox.preflight.TestIsartorBavaria" time="0.033"/>
  <testcase name="validate[target\pdfs\Isartor testsuite\PDFA-1b\6.1 File structure\6.1.7 Stream objects\isartor-6-1-7-t04-fail-c.pdf]" classname="org.apache.pdfbox.preflight.TestIsartorBavaria" time="0.029"/>
  <testcase name="validate[target\pdfs\Isartor testsuite\PDFA-1b\6.1 File structure\6.1.8 Indirect objects\isartor-6-1-8-t01-fail-a.pdf]" classname="org.apache.pdfbox.preflight.TestIsartorBavaria" time="0.034"/>
  <testcase name="validate[target\pdfs\Isartor testsuite\PDFA-1b\6.1 File structure\6.1.8 Indirect objects\isartor-6-1-8-t02-fail-a.pdf]" classname="org.apache.pdfbox.preflight.TestIsartorBavaria" time="0.031"/>
  <testcase name="validate[target\pdfs\Isartor testsuite\PDFA-1b\6.1 File structure\6.1.8 Indirect objects\isartor-6-1-8-t03-fail-a.pdf]" classname="org.apache.pdfbox.preflight.TestIsartorBavaria" time="0.033"/>
  <testcase name="validate[target\pdfs\Isartor testsuite\PDFA-1b\6.1 File structure\6.1.8 Indirect objects\isartor-6-1-8-t04-fail-a.pdf]" classname="org.apache.pdfbox.preflight.TestIsartorBavaria" time="0.063"/>
  <testcase name="validate[target\pdfs\Isartor testsuite\PDFA-1b\6.1 File structure\6.1.8 Indirect objects\isartor-6-1-8-t05-fail-a.pdf]" classname="org.apache.pdfbox.preflight.TestIsartorBavaria" time="0.034"/>
  <testcase name="validate[target\pdfs\Isartor testsuite\PDFA-1b\6.1 File structure\6.1.8 Indirect objects\isartor-6-1-8-t06-fail-a.pdf]" classname="org.apache.pdfbox.preflight.TestIsartorBavaria" time="0.045"/>
  <testcase name="validate[target\pdfs\Isartor testsuite\PDFA-1b\6.2 Graphics\6.2.10 Content Streams\isartor-6-2-10-t01-fail-a.pdf]" classname="org.apache.pdfbox.preflight.TestIsartorBavaria" time="0.069"/>
  <testcase name="validate[target\pdfs\Isartor testsuite\PDFA-1b\6.2 Graphics\6.2.10 Content Streams\isartor-6-2-10-t01-fail-b.pdf]" classname="org.apache.pdfbox.preflight.TestIsartorBavaria" time="0.032"/>
  <testcase name="validate[target\pdfs\Isartor testsuite\PDFA-1b\6.2 Graphics\6.2.10 Content Streams\isartor-6-2-10-t01-fail-c.pdf]" classname="org.apache.pdfbox.preflight.TestIsartorBavaria" time="0.084"/>
  <testcase name="validate[target\pdfs\Isartor testsuite\PDFA-1b\6.2 Graphics\6.2.2 Output intent\isartor-6-2-2-t01-fail-a.pdf]" classname="org.apache.pdfbox.preflight.TestIsartorBavaria" time="0.035"/>
  <testcase name="validate[target\pdfs\Isartor testsuite\PDFA-1b\6.2 Graphics\6.2.2 Output intent\isartor-6-2-2-t02-fail-a.pdf]" classname="org.apache.pdfbox.preflight.TestIsartorBavaria" time="0.093"/>
  <testcase name="validate[target\pdfs\Isartor testsuite\PDFA-1b\6.2 Graphics\6.2.2 Output intent\isartor-6-2-2-t02-fail-b.pdf]" classname="org.apache.pdfbox.preflight.TestIsartorBavaria" time="0.061"/>
  <testcase name="validate[target\pdfs\Isartor testsuite\PDFA-1b\6.2 Graphics\6.2.2 Output intent\isartor-6-2-2-t03-fail-a.pdf]" classname="org.apache.pdfbox.preflight.TestIsartorBavaria" time="0.047"/>
  <testcase name="validate[target\pdfs\Isartor testsuite\PDFA-1b\6.2 Graphics\6.2.3 Colour spaces\6.2.3.3 Uncalibrated colour spaces\isartor-6-2-3-3-t01-fail-a.pdf]" classname="org.apache.pdfbox.preflight.TestIsartorBavaria" time="0.036"/>
  <testcase name="validate[target\pdfs\Isartor testsuite\PDFA-1b\6.2 Graphics\6.2.3 Colour spaces\6.2.3.3 Uncalibrated colour spaces\isartor-6-2-3-3-t02-fail-a.pdf]" classname="org.apache.pdfbox.preflight.TestIsartorBavaria" time="0.039"/>
  <testcase name="validate[target\pdfs\Isartor testsuite\PDFA-1b\6.2 Graphics\6.2.3 Colour spaces\6.2.3.3 Uncalibrated colour spaces\isartor-6-2-3-3-t02-fail-b.pdf]" classname="org.apache.pdfbox.preflight.TestIsartorBavaria" time="0.088"/>
  <testcase name="validate[target\pdfs\Isartor testsuite\PDFA-1b\6.2 Graphics\6.2.3 Colour spaces\6.2.3.3 Uncalibrated colour spaces\isartor-6-2-3-3-t02-fail-c.pdf]" classname="org.apache.pdfbox.preflight.TestIsartorBavaria" time="0.024"/>
  <testcase name="validate[target\pdfs\Isartor testsuite\PDFA-1b\6.2 Graphics\6.2.3 Colour spaces\6.2.3.3 Uncalibrated colour spaces\isartor-6-2-3-3-t02-fail-d.pdf]" classname="org.apache.pdfbox.preflight.TestIsartorBavaria" time="0.065"/>
  <testcase name="validate[target\pdfs\Isartor testsuite\PDFA-1b\6.2 Graphics\6.2.3 Colour spaces\6.2.3.3 Uncalibrated colour spaces\isartor-6-2-3-3-t02-fail-e.pdf]" classname="org.apache.pdfbox.preflight.TestIsartorBavaria" time="0.033"/>
  <testcase name="validate[target\pdfs\Isartor testsuite\PDFA-1b\6.2 Graphics\6.2.3 Colour spaces\6.2.3.3 Uncalibrated colour spaces\isartor-6-2-3-3-t02-fail-f.pdf]" classname="org.apache.pdfbox.preflight.TestIsartorBavaria" time="0.072"/>
  <testcase name="validate[target\pdfs\Isartor testsuite\PDFA-1b\6.2 Graphics\6.2.3 Colour spaces\6.2.3.3 Uncalibrated colour spaces\isartor-6-2-3-3-t02-fail-g.pdf]" classname="org.apache.pdfbox.preflight.TestIsartorBavaria" time="0.061"/>
  <testcase name="validate[target\pdfs\Isartor testsuite\PDFA-1b\6.2 Graphics\6.2.3 Colour spaces\6.2.3.3 Uncalibrated colour spaces\isartor-6-2-3-3-t02-fail-h.pdf]" classname="org.apache.pdfbox.preflight.TestIsartorBavaria" time="0.203"/>
  <testcase name="validate[target\pdfs\Isartor testsuite\PDFA-1b\6.2 Graphics\6.2.3 Colour spaces\6.2.3.3 Uncalibrated colour spaces\isartor-6-2-3-3-t02-fail-i.pdf]" classname="org.apache.pdfbox.preflight.TestIsartorBavaria" time="0.041"/>
  <testcase name="validate[target\pdfs\Isartor testsuite\PDFA-1b\6.2 Graphics\6.2.3 Colour spaces\6.2.3.3 Uncalibrated colour spaces\isartor-6-2-3-3-t02-fail-j.pdf]" classname="org.apache.pdfbox.preflight.TestIsartorBavaria" time="0.054"/>
  <testcase name="validate[target\pdfs\Isartor testsuite\PDFA-1b\6.2 Graphics\6.2.3 Colour spaces\6.2.3.3 Uncalibrated colour spaces\isartor-6-2-3-3-t03-fail-a.pdf]" classname="org.apache.pdfbox.preflight.TestIsartorBavaria" time="0.037"/>
  <testcase name="validate[target\pdfs\Isartor testsuite\PDFA-1b\6.2 Graphics\6.2.3 Colour spaces\6.2.3.3 Uncalibrated colour spaces\isartor-6-2-3-3-t03-fail-b.pdf]" classname="org.apache.pdfbox.preflight.TestIsartorBavaria" time="0.029"/>
  <testcase name="validate[target\pdfs\Isartor testsuite\PDFA-1b\6.2 Graphics\6.2.3 Colour spaces\6.2.3.3 Uncalibrated colour spaces\isartor-6-2-3-3-t03-fail-c.pdf]" classname="org.apache.pdfbox.preflight.TestIsartorBavaria" time="0.028"/>
  <testcase name="validate[target\pdfs\Isartor testsuite\PDFA-1b\6.2 Graphics\6.2.3 Colour spaces\6.2.3.3 Uncalibrated colour spaces\isartor-6-2-3-3-t03-fail-d.pdf]" classname="org.apache.pdfbox.preflight.TestIsartorBavaria" time="0.043"/>
  <testcase name="validate[target\pdfs\Isartor testsuite\PDFA-1b\6.2 Graphics\6.2.3 Colour spaces\6.2.3.3 Uncalibrated colour spaces\isartor-6-2-3-3-t03-fail-e.pdf]" classname="org.apache.pdfbox.preflight.TestIsartorBavaria" time="0.038"/>
  <testcase name="validate[target\pdfs\Isartor testsuite\PDFA-1b\6.2 Graphics\6.2.3 Colour spaces\6.2.3.3 Uncalibrated colour spaces\isartor-6-2-3-3-t04-fail-a.pdf]" classname="org.apache.pdfbox.preflight.TestIsartorBavaria" time="0.031"/>
  <testcase name="validate[target\pdfs\Isartor testsuite\PDFA-1b\6.2 Graphics\6.2.3 Colour spaces\6.2.3.3 Uncalibrated colour spaces\isartor-6-2-3-3-t04-fail-b.pdf]" classname="org.apache.pdfbox.preflight.TestIsartorBavaria" time="0.037"/>
  <testcase name="validate[target\pdfs\Isartor testsuite\PDFA-1b\6.2 Graphics\6.2.3 Colour spaces\6.2.3.3 Uncalibrated colour spaces\isartor-6-2-3-3-t04-fail-c.pdf]" classname="org.apache.pdfbox.preflight.TestIsartorBavaria" time="0.058"/>
  <testcase name="validate[target\pdfs\Isartor testsuite\PDFA-1b\6.2 Graphics\6.2.3 Colour spaces\6.2.3.3 Uncalibrated colour spaces\isartor-6-2-3-3-t04-fail-d.pdf]" classname="org.apache.pdfbox.preflight.TestIsartorBavaria" time="0.038"/>
  <testcase name="validate[target\pdfs\Isartor testsuite\PDFA-1b\6.2 Graphics\6.2.3 Colour spaces\6.2.3.3 Uncalibrated colour spaces\isartor-6-2-3-3-t05-fail-a.pdf]" classname="org.apache.pdfbox.preflight.TestIsartorBavaria" time="0.028"/>
  <testcase name="validate[target\pdfs\Isartor testsuite\PDFA-1b\6.2 Graphics\6.2.3 Colour spaces\6.2.3.3 Uncalibrated colour spaces\isartor-6-2-3-3-t05-fail-b.pdf]" classname="org.apache.pdfbox.preflight.TestIsartorBavaria" time="0.029"/>
  <testcase name="validate[target\pdfs\Isartor testsuite\PDFA-1b\6.2 Graphics\6.2.3 Colour spaces\6.2.3.4 Separation and DeviceN colour spaces\isartor-6-2-3-4-t01-fail-a.pdf]" classname="org.apache.pdfbox.preflight.TestIsartorBavaria" time="0.075"/>
  <testcase name="validate[target\pdfs\Isartor testsuite\PDFA-1b\6.2 Graphics\6.2.3 Colour spaces\6.2.3.4 Separation and DeviceN colour spaces\isartor-6-2-3-4-t01-fail-b.pdf]" classname="org.apache.pdfbox.preflight.TestIsartorBavaria" time="0.051"/>
  <testcase name="validate[target\pdfs\Isartor testsuite\PDFA-1b\6.2 Graphics\6.2.4 Images\isartor-6-2-4-t01-fail-a.pdf]" classname="org.apache.pdfbox.preflight.TestIsartorBavaria" time="0.047"/>
  <testcase name="validate[target\pdfs\Isartor testsuite\PDFA-1b\6.2 Graphics\6.2.4 Images\isartor-6-2-4-t02-fail-a.pdf]" classname="org.apache.pdfbox.preflight.TestIsartorBavaria" time="0.044"/>
  <testcase name="validate[target\pdfs\Isartor testsuite\PDFA-1b\6.2 Graphics\6.2.4 Images\isartor-6-2-4-t03-fail-a.pdf]" classname="org.apache.pdfbox.preflight.TestIsartorBavaria" time="0.065"/>
  <testcase name="validate[target\pdfs\Isartor testsuite\PDFA-1b\6.2 Graphics\6.2.4 Images\isartor-6-2-4-t04-fail-a.pdf]" classname="org.apache.pdfbox.preflight.TestIsartorBavaria" time="0.075"/>
  <testcase name="validate[target\pdfs\Isartor testsuite\PDFA-1b\6.2 Graphics\6.2.5 Form Xobjects\isartor-6-2-5-t01-fail-a.pdf]" classname="org.apache.pdfbox.preflight.TestIsartorBavaria" time="0.032"/>
  <testcase name="validate[target\pdfs\Isartor testsuite\PDFA-1b\6.2 Graphics\6.2.6 Reference XObjects\isartor-6-2-6-t01-fail-a.pdf]" classname="org.apache.pdfbox.preflight.TestIsartorBavaria" time="0.038"/>
  <testcase name="validate[target\pdfs\Isartor testsuite\PDFA-1b\6.2 Graphics\6.2.7 PostScript XObjects\isartor-6-2-7-t01-fail-a.pdf]" classname="org.apache.pdfbox.preflight.TestIsartorBavaria" time="0.027"/>
  <testcase name="validate[target\pdfs\Isartor testsuite\PDFA-1b\6.2 Graphics\6.2.7 PostScript XObjects\isartor-6-2-7-t02-fail-a.pdf]" classname="org.apache.pdfbox.preflight.TestIsartorBavaria" time="0.024"/>
  <testcase name="validate[target\pdfs\Isartor testsuite\PDFA-1b\6.2 Graphics\6.2.8 Extended graphics state\isartor-6-2-8-t01-fail-a.pdf]" classname="org.apache.pdfbox.preflight.TestIsartorBavaria" time="0.031"/>
  <testcase name="validate[target\pdfs\Isartor testsuite\PDFA-1b\6.2 Graphics\6.2.8 Extended graphics state\isartor-6-2-8-t01-fail-b.pdf]" classname="org.apache.pdfbox.preflight.TestIsartorBavaria" time="0.071"/>
  <testcase name="validate[target\pdfs\Isartor testsuite\PDFA-1b\6.2 Graphics\6.2.8 Extended graphics state\isartor-6-2-8-t01-fail-c.pdf]" classname="org.apache.pdfbox.preflight.TestIsartorBavaria" time="0.045"/>
  <testcase name="validate[target\pdfs\Isartor testsuite\PDFA-1b\6.2 Graphics\6.2.8 Extended graphics state\isartor-6-2-8-t01-fail-d.pdf]" classname="org.apache.pdfbox.preflight.TestIsartorBavaria" time="0.032"/>
  <testcase name="validate[target\pdfs\Isartor testsuite\PDFA-1b\6.2 Graphics\6.2.8 Extended graphics state\isartor-6-2-8-t02-fail-a.pdf]" classname="org.apache.pdfbox.preflight.TestIsartorBavaria" time="0.032"/>
  <testcase name="validate[target\pdfs\Isartor testsuite\PDFA-1b\6.2 Graphics\6.2.8 Extended graphics state\isartor-6-2-8-t02-fail-b.pdf]" classname="org.apache.pdfbox.preflight.TestIsartorBavaria" time="0.019"/>
  <testcase name="validate[target\pdfs\Isartor testsuite\PDFA-1b\6.2 Graphics\6.2.8 Extended graphics state\isartor-6-2-8-t02-fail-c.pdf]" classname="org.apache.pdfbox.preflight.TestIsartorBavaria" time="0.03"/>
  <testcase name="validate[target\pdfs\Isartor testsuite\PDFA-1b\6.2 Graphics\6.2.9 Rendering intents\isartor-6-2-9-t01-fail-a.pdf]" classname="org.apache.pdfbox.preflight.TestIsartorBavaria" time="0.027"/>
  <testcase name="validate[target\pdfs\Isartor testsuite\PDFA-1b\6.3 Fonts\6.3.2 Font types\isartor-6-3-2-t01-fail-a.pdf]" classname="org.apache.pdfbox.preflight.TestIsartorBavaria" time="0.256"/>
  <testcase name="validate[target\pdfs\Isartor testsuite\PDFA-1b\6.3 Fonts\6.3.2 Font types\isartor-6-3-2-t01-fail-b.pdf]" classname="org.apache.pdfbox.preflight.TestIsartorBavaria" time="0.239"/>
  <testcase name="validate[target\pdfs\Isartor testsuite\PDFA-1b\6.3 Fonts\6.3.2 Font types\isartor-6-3-2-t01-fail-c.pdf]" classname="org.apache.pdfbox.preflight.TestIsartorBavaria" time="0.146"/>
  <testcase name="validate[target\pdfs\Isartor testsuite\PDFA-1b\6.3 Fonts\6.3.3 Composite fonts\6.3.3.1 General\isartor-6-3-3-1-t01-fail-a.pdf]" classname="org.apache.pdfbox.preflight.TestIsartorBavaria" time="0.566"/>
  <testcase name="validate[target\pdfs\Isartor testsuite\PDFA-1b\6.3 Fonts\6.3.3 Composite fonts\6.3.3.1 General\isartor-6-3-3-1-t01-fail-b.pdf]" classname="org.apache.pdfbox.preflight.TestIsartorBavaria" time="0.171"/>
  <testcase name="validate[target\pdfs\Isartor testsuite\PDFA-1b\6.3 Fonts\6.3.3 Composite fonts\6.3.3.2 CIDFonts\isartor-6-3-3-2-t01-fail-a.pdf]" classname="org.apache.pdfbox.preflight.TestIsartorBavaria" time="0.052"/>
  <testcase name="validate[target\pdfs\Isartor testsuite\PDFA-1b\6.3 Fonts\6.3.3 Composite fonts\6.3.3.3 CMaps\isartor-6-3-3-3-t01-fail-a.pdf]" classname="org.apache.pdfbox.preflight.TestIsartorBavaria" time="0.144"/>
  <testcase name="validate[target\pdfs\Isartor testsuite\PDFA-1b\6.3 Fonts\6.3.3 Composite fonts\6.3.3.3 CMaps\isartor-6-3-3-3-t02-fail-a.pdf]" classname="org.apache.pdfbox.preflight.TestIsartorBavaria" time="0.174"/>
  <testcase name="validate[target\pdfs\Isartor testsuite\PDFA-1b\6.3 Fonts\6.3.4 Embedded font programs\isartor-6-3-4-t01-fail-a.pdf]" classname="org.apache.pdfbox.preflight.TestIsartorBavaria" time="0.037"/>
  <testcase name="validate[target\pdfs\Isartor testsuite\PDFA-1b\6.3 Fonts\6.3.4 Embedded font programs\isartor-6-3-4-t01-fail-b.pdf]" classname="org.apache.pdfbox.preflight.TestIsartorBavaria" time="0.092"/>
  <testcase name="validate[target\pdfs\Isartor testsuite\PDFA-1b\6.3 Fonts\6.3.4 Embedded font programs\isartor-6-3-4-t01-fail-c.pdf]" classname="org.apache.pdfbox.preflight.TestIsartorBavaria" time="0.112"/>
  <testcase name="validate[target\pdfs\Isartor testsuite\PDFA-1b\6.3 Fonts\6.3.4 Embedded font programs\isartor-6-3-4-t01-fail-d.pdf]" classname="org.apache.pdfbox.preflight.TestIsartorBavaria" time="0.029"/>
  <testcase name="validate[target\pdfs\Isartor testsuite\PDFA-1b\6.3 Fonts\6.3.4 Embedded font programs\isartor-6-3-4-t01-fail-e.pdf]" classname="org.apache.pdfbox.preflight.TestIsartorBavaria" time="0.075"/>
  <testcase name="validate[target\pdfs\Isartor testsuite\PDFA-1b\6.3 Fonts\6.3.4 Embedded font programs\isartor-6-3-4-t01-fail-f.pdf]" classname="org.apache.pdfbox.preflight.TestIsartorBavaria" time="0.118"/>
  <testcase name="validate[target\pdfs\Isartor testsuite\PDFA-1b\6.3 Fonts\6.3.4 Embedded font programs\isartor-6-3-4-t01-fail-g.pdf]" classname="org.apache.pdfbox.preflight.TestIsartorBavaria" time="0.051"/>
  <testcase name="validate[target\pdfs\Isartor testsuite\PDFA-1b\6.3 Fonts\6.3.4 Embedded font programs\isartor-6-3-4-t01-fail-h.pdf]" classname="org.apache.pdfbox.preflight.TestIsartorBavaria" time="0.061"/>
  <testcase name="validate[target\pdfs\Isartor testsuite\PDFA-1b\6.3 Fonts\6.3.5 Font subsets\isartor-6-3-5-t01-fail-a.pdf]" classname="org.apache.pdfbox.preflight.TestIsartorBavaria" time="0.085"/>
  <testcase name="validate[target\pdfs\Isartor testsuite\PDFA-1b\6.3 Fonts\6.3.5 Font subsets\isartor-6-3-5-t01-fail-b.pdf]" classname="org.apache.pdfbox.preflight.TestIsartorBavaria" time="0.046"/>
  <testcase name="validate[target\pdfs\Isartor testsuite\PDFA-1b\6.3 Fonts\6.3.5 Font subsets\isartor-6-3-5-t01-fail-c.pdf]" classname="org.apache.pdfbox.preflight.TestIsartorBavaria" time="0.093"/>
  <testcase name="validate[target\pdfs\Isartor testsuite\PDFA-1b\6.3 Fonts\6.3.5 Font subsets\isartor-6-3-5-t01-fail-d.pdf]" classname="org.apache.pdfbox.preflight.TestIsartorBavaria" time="0.059"/>
  <testcase name="validate[target\pdfs\Isartor testsuite\PDFA-1b\6.3 Fonts\6.3.5 Font subsets\isartor-6-3-5-t02-fail-a.pdf]" classname="org.apache.pdfbox.preflight.TestIsartorBavaria" time="0.064"/>
  <testcase name="validate[target\pdfs\Isartor testsuite\PDFA-1b\6.3 Fonts\6.3.5 Font subsets\isartor-6-3-5-t03-fail-a.pdf]" classname="org.apache.pdfbox.preflight.TestIsartorBavaria" time="0.104"/>
  <testcase name="validate[target\pdfs\Isartor testsuite\PDFA-1b\6.3 Fonts\6.3.6 Font metrics\isartor-6-3-6-t01-fail-a.pdf]" classname="org.apache.pdfbox.preflight.TestIsartorBavaria" time="0.108"/>
  <testcase name="validate[target\pdfs\Isartor testsuite\PDFA-1b\6.3 Fonts\6.3.6 Font metrics\isartor-6-3-6-t01-fail-b.pdf]" classname="org.apache.pdfbox.preflight.TestIsartorBavaria" time="0.091"/>
  <testcase name="validate[target\pdfs\Isartor testsuite\PDFA-1b\6.3 Fonts\6.3.6 Font metrics\isartor-6-3-6-t01-fail-c.pdf]" classname="org.apache.pdfbox.preflight.TestIsartorBavaria" time="0.157"/>
  <testcase name="validate[target\pdfs\Isartor testsuite\PDFA-1b\6.3 Fonts\6.3.7 Character encodings\isartor-6-3-7-t01-fail-a.pdf]" classname="org.apache.pdfbox.preflight.TestIsartorBavaria" time="0.052"/>
  <testcase name="validate[target\pdfs\Isartor testsuite\PDFA-1b\6.3 Fonts\6.3.7 Character encodings\isartor-6-3-7-t02-fail-a.pdf]" classname="org.apache.pdfbox.preflight.TestIsartorBavaria" time="0.05"/>
  <testcase name="validate[target\pdfs\Isartor testsuite\PDFA-1b\6.3 Fonts\6.3.7 Character encodings\isartor-6-3-7-t03-fail-a.pdf]" classname="org.apache.pdfbox.preflight.TestIsartorBavaria" time="0.073"/>
  <testcase name="validate[target\pdfs\Isartor testsuite\PDFA-1b\6.4 Transparency\isartor-6-4-t01-fail-a.pdf]" classname="org.apache.pdfbox.preflight.TestIsartorBavaria" time="0.064"/>
  <testcase name="validate[target\pdfs\Isartor testsuite\PDFA-1b\6.4 Transparency\isartor-6-4-t01-fail-b.pdf]" classname="org.apache.pdfbox.preflight.TestIsartorBavaria" time="0.059"/>
  <testcase name="validate[target\pdfs\Isartor testsuite\PDFA-1b\6.4 Transparency\isartor-6-4-t02-fail-a.pdf]" classname="org.apache.pdfbox.preflight.TestIsartorBavaria" time="0.058"/>
  <testcase name="validate[target\pdfs\Isartor testsuite\PDFA-1b\6.4 Transparency\isartor-6-4-t03-fail-a.pdf]" classname="org.apache.pdfbox.preflight.TestIsartorBavaria" time="0.06"/>
  <testcase name="validate[target\pdfs\Isartor testsuite\PDFA-1b\6.4 Transparency\isartor-6-4-t04-fail-a.pdf]" classname="org.apache.pdfbox.preflight.TestIsartorBavaria" time="0.026"/>
  <testcase name="validate[target\pdfs\Isartor testsuite\PDFA-1b\6.4 Transparency\isartor-6-4-t05-fail-a.pdf]" classname="org.apache.pdfbox.preflight.TestIsartorBavaria" time="0.019"/>
  <testcase name="validate[target\pdfs\Isartor testsuite\PDFA-1b\6.5 Annotations\6.5.2 Annotation types\isartor-6-5-2-t01-fail-a.pdf]" classname="org.apache.pdfbox.preflight.TestIsartorBavaria" time="0.061"/>
  <testcase name="validate[target\pdfs\Isartor testsuite\PDFA-1b\6.5 Annotations\6.5.2 Annotation types\isartor-6-5-2-t01-fail-b.pdf]" classname="org.apache.pdfbox.preflight.TestIsartorBavaria" time="0.04"/>
  <testcase name="validate[target\pdfs\Isartor testsuite\PDFA-1b\6.5 Annotations\6.5.2 Annotation types\isartor-6-5-2-t01-fail-c.pdf]" classname="org.apache.pdfbox.preflight.TestIsartorBavaria" time="0.076"/>
  <testcase name="validate[target\pdfs\Isartor testsuite\PDFA-1b\6.5 Annotations\6.5.2 Annotation types\isartor-6-5-2-t01-fail-d.pdf]" classname="org.apache.pdfbox.preflight.TestIsartorBavaria" time="0.201"/>
  <testcase name="validate[target\pdfs\Isartor testsuite\PDFA-1b\6.5 Annotations\6.5.2 Annotation types\isartor-6-5-2-t01-fail-e.pdf]" classname="org.apache.pdfbox.preflight.TestIsartorBavaria" time="0.086"/>
  <testcase name="validate[target\pdfs\Isartor testsuite\PDFA-1b\6.5 Annotations\6.5.2 Annotation types\isartor-6-5-2-t01-fail-f.pdf]" classname="org.apache.pdfbox.preflight.TestIsartorBavaria" time="0.089"/>
  <testcase name="validate[target\pdfs\Isartor testsuite\PDFA-1b\6.5 Annotations\6.5.2 Annotation types\isartor-6-5-2-t01-fail-g.pdf]" classname="org.apache.pdfbox.preflight.TestIsartorBavaria" time="0.099"/>
  <testcase name="validate[target\pdfs\Isartor testsuite\PDFA-1b\6.5 Annotations\6.5.2 Annotation types\isartor-6-5-2-t01-fail-h.pdf]" classname="org.apache.pdfbox.preflight.TestIsartorBavaria" time="0.085"/>
  <testcase name="validate[target\pdfs\Isartor testsuite\PDFA-1b\6.5 Annotations\6.5.2 Annotation types\isartor-6-5-2-t02-fail-a.pdf]" classname="org.apache.pdfbox.preflight.TestIsartorBavaria" time="0.083"/>
  <testcase name="validate[target\pdfs\Isartor testsuite\PDFA-1b\6.5 Annotations\6.5.2 Annotation types\isartor-6-5-2-t02-fail-b.pdf]" classname="org.apache.pdfbox.preflight.TestIsartorBavaria" time="0.04"/>
  <testcase name="validate[target\pdfs\Isartor testsuite\PDFA-1b\6.5 Annotations\6.5.2 Annotation types\isartor-6-5-2-t02-fail-c.pdf]" classname="org.apache.pdfbox.preflight.TestIsartorBavaria" time="0.104"/>
  <testcase name="validate[target\pdfs\Isartor testsuite\PDFA-1b\6.5 Annotations\6.5.3 Annotation dictionaries\isartor-6-5-3-t01-fail-a.pdf]" classname="org.apache.pdfbox.preflight.TestIsartorBavaria" time="0.074"/>
  <testcase name="validate[target\pdfs\Isartor testsuite\PDFA-1b\6.5 Annotations\6.5.3 Annotation dictionaries\isartor-6-5-3-t02-fail-a.pdf]" classname="org.apache.pdfbox.preflight.TestIsartorBavaria" time="0.087"/>
  <testcase name="validate[target\pdfs\Isartor testsuite\PDFA-1b\6.5 Annotations\6.5.3 Annotation dictionaries\isartor-6-5-3-t02-fail-b.pdf]" classname="org.apache.pdfbox.preflight.TestIsartorBavaria" time="0.032"/>
  <testcase name="validate[target\pdfs\Isartor testsuite\PDFA-1b\6.5 Annotations\6.5.3 Annotation dictionaries\isartor-6-5-3-t02-fail-c.pdf]" classname="org.apache.pdfbox.preflight.TestIsartorBavaria" time="0.047"/>
  <testcase name="validate[target\pdfs\Isartor testsuite\PDFA-1b\6.5 Annotations\6.5.3 Annotation dictionaries\isartor-6-5-3-t02-fail-d.pdf]" classname="org.apache.pdfbox.preflight.TestIsartorBavaria" time="0.066"/>
  <testcase name="validate[target\pdfs\Isartor testsuite\PDFA-1b\6.5 Annotations\6.5.3 Annotation dictionaries\isartor-6-5-3-t02-fail-e.pdf]" classname="org.apache.pdfbox.preflight.TestIsartorBavaria" time="0.055"/>
  <testcase name="validate[target\pdfs\Isartor testsuite\PDFA-1b\6.5 Annotations\6.5.3 Annotation dictionaries\isartor-6-5-3-t03-fail-a.pdf]" classname="org.apache.pdfbox.preflight.TestIsartorBavaria" time="0.073"/>
  <testcase name="validate[target\pdfs\Isartor testsuite\PDFA-1b\6.5 Annotations\6.5.3 Annotation dictionaries\isartor-6-5-3-t03-fail-b.pdf]" classname="org.apache.pdfbox.preflight.TestIsartorBavaria" time="0.256"/>
  <testcase name="validate[target\pdfs\Isartor testsuite\PDFA-1b\6.5 Annotations\6.5.3 Annotation dictionaries\isartor-6-5-3-t03-fail-c.pdf]" classname="org.apache.pdfbox.preflight.TestIsartorBavaria" time="0.056"/>
  <testcase name="validate[target\pdfs\Isartor testsuite\PDFA-1b\6.5 Annotations\6.5.3 Annotation dictionaries\isartor-6-5-3-t03-fail-d.pdf]" classname="org.apache.pdfbox.preflight.TestIsartorBavaria" time="0.195"/>
  <testcase name="validate[target\pdfs\Isartor testsuite\PDFA-1b\6.5 Annotations\6.5.3 Annotation dictionaries\isartor-6-5-3-t04-fail-a.pdf]" classname="org.apache.pdfbox.preflight.TestIsartorBavaria" time="0.08"/>
  <testcase name="validate[target\pdfs\Isartor testsuite\PDFA-1b\6.5 Annotations\6.5.3 Annotation dictionaries\isartor-6-5-3-t04-fail-b.pdf]" classname="org.apache.pdfbox.preflight.TestIsartorBavaria" time="0.067"/>
  <testcase name="validate[target\pdfs\Isartor testsuite\PDFA-1b\6.5 Annotations\6.5.3 Annotation dictionaries\isartor-6-5-3-t04-fail-c.pdf]" classname="org.apache.pdfbox.preflight.TestIsartorBavaria" time="0.184"/>
  <testcase name="validate[target\pdfs\Isartor testsuite\PDFA-1b\6.5 Annotations\6.5.3 Annotation dictionaries\isartor-6-5-3-t04-fail-d.pdf]" classname="org.apache.pdfbox.preflight.TestIsartorBavaria" time="0.091"/>
  <testcase name="validate[target\pdfs\Isartor testsuite\PDFA-1b\6.6 Actions\6.6.1 General\isartor-6-6-1-t01-fail-a.pdf]" classname="org.apache.pdfbox.preflight.TestIsartorBavaria" time="0.015"/>
  <testcase name="validate[target\pdfs\Isartor testsuite\PDFA-1b\6.6 Actions\6.6.1 General\isartor-6-6-1-t01-fail-b.pdf]" classname="org.apache.pdfbox.preflight.TestIsartorBavaria" time="0.063"/>
  <testcase name="validate[target\pdfs\Isartor testsuite\PDFA-1b\6.6 Actions\6.6.1 General\isartor-6-6-1-t01-fail-c.pdf]" classname="org.apache.pdfbox.preflight.TestIsartorBavaria" time="0.058"/>
  <testcase name="validate[target\pdfs\Isartor testsuite\PDFA-1b\6.6 Actions\6.6.1 General\isartor-6-6-1-t01-fail-d.pdf]" classname="org.apache.pdfbox.preflight.TestIsartorBavaria" time="0.045"/>
  <testcase name="validate[target\pdfs\Isartor testsuite\PDFA-1b\6.6 Actions\6.6.1 General\isartor-6-6-1-t01-fail-e.pdf]" classname="org.apache.pdfbox.preflight.TestIsartorBavaria" time="0.13"/>
  <testcase name="validate[target\pdfs\Isartor testsuite\PDFA-1b\6.6 Actions\6.6.1 General\isartor-6-6-1-t01-fail-f.pdf]" classname="org.apache.pdfbox.preflight.TestIsartorBavaria" time="0.067"/>
  <testcase name="validate[target\pdfs\Isartor testsuite\PDFA-1b\6.6 Actions\6.6.1 General\isartor-6-6-1-t01-fail-g.pdf]" classname="org.apache.pdfbox.preflight.TestIsartorBavaria" time="0.052"/>
  <testcase name="validate[target\pdfs\Isartor testsuite\PDFA-1b\6.6 Actions\6.6.1 General\isartor-6-6-1-t01-fail-h.pdf]" classname="org.apache.pdfbox.preflight.TestIsartorBavaria" time="0.037"/>
  <testcase name="validate[target\pdfs\Isartor testsuite\PDFA-1b\6.6 Actions\6.6.1 General\isartor-6-6-1-t01-fail-i.pdf]" classname="org.apache.pdfbox.preflight.TestIsartorBavaria" time="0.035"/>
  <testcase name="validate[target\pdfs\Isartor testsuite\PDFA-1b\6.6 Actions\6.6.1 General\isartor-6-6-1-t02-fail-a.pdf]" classname="org.apache.pdfbox.preflight.TestIsartorBavaria" time="0.074"/>
  <testcase name="validate[target\pdfs\Isartor testsuite\PDFA-1b\6.6 Actions\6.6.1 General\isartor-6-6-1-t02-fail-b.pdf]" classname="org.apache.pdfbox.preflight.TestIsartorBavaria" time="0.053"/>
  <testcase name="validate[target\pdfs\Isartor testsuite\PDFA-1b\6.6 Actions\6.6.1 General\isartor-6-6-1-t02-fail-c.pdf]" classname="org.apache.pdfbox.preflight.TestIsartorBavaria" time="0.039"/>
  <testcase name="validate[target\pdfs\Isartor testsuite\PDFA-1b\6.6 Actions\6.6.1 General\isartor-6-6-1-t02-fail-d.pdf]" classname="org.apache.pdfbox.preflight.TestIsartorBavaria" time="0.039"/>
  <testcase name="validate[target\pdfs\Isartor testsuite\PDFA-1b\6.6 Actions\6.6.1 General\isartor-6-6-1-t02-fail-e.pdf]" classname="org.apache.pdfbox.preflight.TestIsartorBavaria" time="0.056"/>
  <testcase name="validate[target\pdfs\Isartor testsuite\PDFA-1b\6.6 Actions\6.6.1 General\isartor-6-6-1-t02-fail-f.pdf]" classname="org.apache.pdfbox.preflight.TestIsartorBavaria" time="0.096"/>
  <testcase name="validate[target\pdfs\Isartor testsuite\PDFA-1b\6.6 Actions\6.6.1 General\isartor-6-6-1-t02-fail-g.pdf]" classname="org.apache.pdfbox.preflight.TestIsartorBavaria" time="0.05"/>
  <testcase name="validate[target\pdfs\Isartor testsuite\PDFA-1b\6.6 Actions\6.6.1 General\isartor-6-6-1-t02-fail-h.pdf]" classname="org.apache.pdfbox.preflight.TestIsartorBavaria" time="0.053"/>
  <testcase name="validate[target\pdfs\Isartor testsuite\PDFA-1b\6.6 Actions\6.6.1 General\isartor-6-6-1-t02-fail-i.pdf]" classname="org.apache.pdfbox.preflight.TestIsartorBavaria" time="0.048"/>
  <testcase name="validate[target\pdfs\Isartor testsuite\PDFA-1b\6.6 Actions\6.6.1 General\isartor-6-6-1-t03-fail-a.pdf]" classname="org.apache.pdfbox.preflight.TestIsartorBavaria" time="0.059"/>
  <testcase name="validate[target\pdfs\Isartor testsuite\PDFA-1b\6.6 Actions\6.6.1 General\isartor-6-6-1-t03-fail-b.pdf]" classname="org.apache.pdfbox.preflight.TestIsartorBavaria" time="0.049"/>
  <testcase name="validate[target\pdfs\Isartor testsuite\PDFA-1b\6.6 Actions\6.6.1 General\isartor-6-6-1-t03-fail-c.pdf]" classname="org.apache.pdfbox.preflight.TestIsartorBavaria" time="0.014"/>
  <testcase name="validate[target\pdfs\Isartor testsuite\PDFA-1b\6.6 Actions\6.6.1 General\isartor-6-6-1-t03-fail-d.pdf]" classname="org.apache.pdfbox.preflight.TestIsartorBavaria" time="0.029"/>
  <testcase name="validate[target\pdfs\Isartor testsuite\PDFA-1b\6.6 Actions\6.6.1 General\isartor-6-6-1-t03-fail-e.pdf]" classname="org.apache.pdfbox.preflight.TestIsartorBavaria" time="0.058"/>
  <testcase name="validate[target\pdfs\Isartor testsuite\PDFA-1b\6.6 Actions\6.6.1 General\isartor-6-6-1-t03-fail-f.pdf]" classname="org.apache.pdfbox.preflight.TestIsartorBavaria" time="0.097"/>
  <testcase name="validate[target\pdfs\Isartor testsuite\PDFA-1b\6.6 Actions\6.6.1 General\isartor-6-6-1-t03-fail-g.pdf]" classname="org.apache.pdfbox.preflight.TestIsartorBavaria" time="0.088"/>
  <testcase name="validate[target\pdfs\Isartor testsuite\PDFA-1b\6.6 Actions\6.6.1 General\isartor-6-6-1-t03-fail-h.pdf]" classname="org.apache.pdfbox.preflight.TestIsartorBavaria" time="0.119"/>
  <testcase name="validate[target\pdfs\Isartor testsuite\PDFA-1b\6.6 Actions\6.6.1 General\isartor-6-6-1-t03-fail-i.pdf]" classname="org.apache.pdfbox.preflight.TestIsartorBavaria" time="0.108"/>
  <testcase name="validate[target\pdfs\Isartor testsuite\PDFA-1b\6.6 Actions\6.6.1 General\isartor-6-6-1-t04-fail-a.pdf]" classname="org.apache.pdfbox.preflight.TestIsartorBavaria" time="0.054"/>
  <testcase name="validate[target\pdfs\Isartor testsuite\PDFA-1b\6.6 Actions\6.6.1 General\isartor-6-6-1-t04-fail-b.pdf]" classname="org.apache.pdfbox.preflight.TestIsartorBavaria" time="0.05"/>
  <testcase name="validate[target\pdfs\Isartor testsuite\PDFA-1b\6.6 Actions\6.6.1 General\isartor-6-6-1-t04-fail-c.pdf]" classname="org.apache.pdfbox.preflight.TestIsartorBavaria" time="0.066"/>
  <testcase name="validate[target\pdfs\Isartor testsuite\PDFA-1b\6.6 Actions\6.6.1 General\isartor-6-6-1-t04-fail-d.pdf]" classname="org.apache.pdfbox.preflight.TestIsartorBavaria" time="0.026"/>
  <testcase name="validate[target\pdfs\Isartor testsuite\PDFA-1b\6.6 Actions\6.6.1 General\isartor-6-6-1-t04-fail-e.pdf]" classname="org.apache.pdfbox.preflight.TestIsartorBavaria" time="0.076"/>
  <testcase name="validate[target\pdfs\Isartor testsuite\PDFA-1b\6.6 Actions\6.6.1 General\isartor-6-6-1-t04-fail-f.pdf]" classname="org.apache.pdfbox.preflight.TestIsartorBavaria" time="0.094"/>
  <testcase name="validate[target\pdfs\Isartor testsuite\PDFA-1b\6.6 Actions\6.6.1 General\isartor-6-6-1-t04-fail-g.pdf]" classname="org.apache.pdfbox.preflight.TestIsartorBavaria" time="0.057"/>
  <testcase name="validate[target\pdfs\Isartor testsuite\PDFA-1b\6.6 Actions\6.6.1 General\isartor-6-6-1-t04-fail-h.pdf]" classname="org.apache.pdfbox.preflight.TestIsartorBavaria" time="0.049"/>
  <testcase name="validate[target\pdfs\Isartor testsuite\PDFA-1b\6.6 Actions\6.6.1 General\isartor-6-6-1-t04-fail-i.pdf]" classname="org.apache.pdfbox.preflight.TestIsartorBavaria" time="0.078"/>
  <testcase name="validate[target\pdfs\Isartor testsuite\PDFA-1b\6.6 Actions\6.6.2 Trigger events\isartor-6-6-2-t01-fail-a.pdf]" classname="org.apache.pdfbox.preflight.TestIsartorBavaria" time="0.07"/>
  <testcase name="validate[target\pdfs\Isartor testsuite\PDFA-1b\6.7 Metadata\6.7.11 Version and conformance level identification\isartor-6-7-11-t01-fail-a.pdf]" classname="org.apache.pdfbox.preflight.TestIsartorBavaria" time="0.033"/>
  <testcase name="validate[target\pdfs\Isartor testsuite\PDFA-1b\6.7 Metadata\6.7.11 Version and conformance level identification\isartor-6-7-11-t01-fail-b.pdf]" classname="org.apache.pdfbox.preflight.TestIsartorBavaria" time="0.03"/>
  <testcase name="validate[target\pdfs\Isartor testsuite\PDFA-1b\6.7 Metadata\6.7.11 Version and conformance level identification\isartor-6-7-11-t01-fail-c.pdf]" classname="org.apache.pdfbox.preflight.TestIsartorBavaria" time="0.042"/>
  <testcase name="validate[target\pdfs\Isartor testsuite\PDFA-1b\6.7 Metadata\6.7.11 Version and conformance level identification\isartor-6-7-11-t01-fail-d.pdf]" classname="org.apache.pdfbox.preflight.TestIsartorBavaria" time="0.023"/>
  <testcase name="validate[target\pdfs\Isartor testsuite\PDFA-1b\6.7 Metadata\6.7.2 Properties\isartor-6-7-2-t01-fail-a.pdf]" classname="org.apache.pdfbox.preflight.TestIsartorBavaria" time="0.021"/>
  <testcase name="validate[target\pdfs\Isartor testsuite\PDFA-1b\6.7 Metadata\6.7.2 Properties\isartor-6-7-2-t02-fail-a.pdf]" classname="org.apache.pdfbox.preflight.TestIsartorBavaria" time="0.052"/>
  <testcase name="validate[target\pdfs\Isartor testsuite\PDFA-1b\6.7 Metadata\6.7.2 Properties\isartor-6-7-2-t02-fail-b.pdf]" classname="org.apache.pdfbox.preflight.TestIsartorBavaria" time="0.029"/>
  <testcase name="validate[target\pdfs\Isartor testsuite\PDFA-1b\6.7 Metadata\6.7.2 Properties\isartor-6-7-2-t02-fail-c.pdf]" classname="org.apache.pdfbox.preflight.TestIsartorBavaria" time="0.03"/>
  <testcase name="validate[target\pdfs\Isartor testsuite\PDFA-1b\6.7 Metadata\6.7.2 Properties\isartor-6-7-2-t03-fail-a.pdf]" classname="org.apache.pdfbox.preflight.TestIsartorBavaria" time="0.019"/>
  <testcase name="validate[target\pdfs\Isartor testsuite\PDFA-1b\6.7 Metadata\6.7.3 Document information dictionary\isartor-6-7-3-t01-fail-a.pdf]" classname="org.apache.pdfbox.preflight.TestIsartorBavaria" time="0.043"/>
  <testcase name="validate[target\pdfs\Isartor testsuite\PDFA-1b\6.7 Metadata\6.7.3 Document information dictionary\isartor-6-7-3-t01-fail-b.pdf]" classname="org.apache.pdfbox.preflight.TestIsartorBavaria" time="0.04"/>
  <testcase name="validate[target\pdfs\Isartor testsuite\PDFA-1b\6.7 Metadata\6.7.3 Document information dictionary\isartor-6-7-3-t01-fail-c.pdf]" classname="org.apache.pdfbox.preflight.TestIsartorBavaria" time="0.027"/>
  <testcase name="validate[target\pdfs\Isartor testsuite\PDFA-1b\6.7 Metadata\6.7.5 XMP header\isartor-6-7-5-t01-fail-a.pdf]" classname="org.apache.pdfbox.preflight.TestIsartorBavaria" time="0.011"/>
  <testcase name="validate[target\pdfs\Isartor testsuite\PDFA-1b\6.7 Metadata\6.7.5 XMP header\isartor-6-7-5-t02-fail-a.pdf]" classname="org.apache.pdfbox.preflight.TestIsartorBavaria" time="0.029"/>
  <testcase name="validate[target\pdfs\Isartor testsuite\PDFA-1b\6.7 Metadata\6.7.8 Extension schemas\isartor-6-7-8-t01-fail-a.pdf]" classname="org.apache.pdfbox.preflight.TestIsartorBavaria" time="0.033"/>
  <testcase name="validate[target\pdfs\Isartor testsuite\PDFA-1b\6.7 Metadata\6.7.8 Extension schemas\isartor-6-7-8-t02-fail-a.pdf]" classname="org.apache.pdfbox.preflight.TestIsartorBavaria" time="0.023"/>
  <testcase name="validate[target\pdfs\Isartor testsuite\PDFA-1b\6.7 Metadata\6.7.8 Extension schemas\isartor-6-7-8-t02-fail-b.pdf]" classname="org.apache.pdfbox.preflight.TestIsartorBavaria" time="0.05"/>
  <testcase name="validate[target\pdfs\Isartor testsuite\PDFA-1b\6.7 Metadata\6.7.8 Extension schemas\isartor-6-7-8-t02-fail-c.pdf]" classname="org.apache.pdfbox.preflight.TestIsartorBavaria" time="0.033"/>
  <testcase name="validate[target\pdfs\Isartor testsuite\PDFA-1b\6.7 Metadata\6.7.8 Extension schemas\isartor-6-7-8-t02-fail-d.pdf]" classname="org.apache.pdfbox.preflight.TestIsartorBavaria" time="0.04"/>
  <testcase name="validate[target\pdfs\Isartor testsuite\PDFA-1b\6.7 Metadata\6.7.8 Extension schemas\isartor-6-7-8-t02-fail-e.pdf]" classname="org.apache.pdfbox.preflight.TestIsartorBavaria" time="0.333"/>
  <testcase name="validate[target\pdfs\Isartor testsuite\PDFA-1b\6.7 Metadata\6.7.8 Extension schemas\isartor-6-7-8-t02-fail-f.pdf]" classname="org.apache.pdfbox.preflight.TestIsartorBavaria" time="0.151"/>
  <testcase name="validate[target\pdfs\Isartor testsuite\PDFA-1b\6.7 Metadata\6.7.8 Extension schemas\isartor-6-7-8-t02-fail-g.pdf]" classname="org.apache.pdfbox.preflight.TestIsartorBavaria" time="0.142"/>
  <testcase name="validate[target\pdfs\Isartor testsuite\PDFA-1b\6.7 Metadata\6.7.8 Extension schemas\isartor-6-7-8-t02-fail-h.pdf]" classname="org.apache.pdfbox.preflight.TestIsartorBavaria" time="0.052"/>
  <testcase name="validate[target\pdfs\Isartor testsuite\PDFA-1b\6.7 Metadata\6.7.8 Extension schemas\isartor-6-7-8-t02-fail-i.pdf]" classname="org.apache.pdfbox.preflight.TestIsartorBavaria" time="0.032"/>
  <testcase name="validate[target\pdfs\Isartor testsuite\PDFA-1b\6.7 Metadata\6.7.8 Extension schemas\isartor-6-7-8-t02-fail-j.pdf]" classname="org.apache.pdfbox.preflight.TestIsartorBavaria" time="0"/>
  <testcase name="validate[target\pdfs\Isartor testsuite\PDFA-1b\6.7 Metadata\6.7.8 Extension schemas\isartor-6-7-8-t02-fail-k.pdf]" classname="org.apache.pdfbox.preflight.TestIsartorBavaria" time="0.07"/>
  <testcase name="validate[target\pdfs\Isartor testsuite\PDFA-1b\6.7 Metadata\6.7.9 Validation\isartor-6-7-9-t01-fail-a.pdf]" classname="org.apache.pdfbox.preflight.TestIsartorBavaria" time="0.054"/>
  <testcase name="validate[target\pdfs\Isartor testsuite\PDFA-1b\6.9 Interactive Forms\isartor-6-9-t01-fail-a.pdf]" classname="org.apache.pdfbox.preflight.TestIsartorBavaria" time="0.04"/>
  <testcase name="validate[target\pdfs\Isartor testsuite\PDFA-1b\6.9 Interactive Forms\isartor-6-9-t02-fail-a.pdf]" classname="org.apache.pdfbox.preflight.TestIsartorBavaria" time="0.056"/>
  <testcase name="validate[target\pdfs\Isartor testsuite\PDFA-1b\6.9 Interactive Forms\isartor-6-9-t02-fail-b.pdf]" classname="org.apache.pdfbox.preflight.TestIsartorBavaria" time="0.093"/>
</testsuite>