<?xml version="1.0" encoding="UTF-8"?>
<testsuite xmlns:xsi="http://www.w3.org/2001/XMLSchema-instance" xsi:noNamespaceSchemaLocation="https://maven.apache.org/surefire/maven-surefire-plugin/xsd/surefire-test-report.xsd" name="org.apache.pdfbox.examples.pdmodel.TestCreateSignature" time="10.403" tests="24" errors="0" skipped="6" failures="0">
  <properties>
[...]
</properties>
  <testcase name="testCreateVisibleSignature[0]" classname="org.apache.pdfbox.examples.pdmodel.TestCreateSignature" time="0.678"/>
  <testcase name="testCRL[0]" classname="org.apache.pdfbox.examples.pdmodel.TestCreateSignature" time="0.812"/>
  <testcase name="testDetachedSHA256WithTSA[0]" classname="org.apache.pdfbox.examples.pdmodel.TestCreateSignature" time="0">
    <skipped message="No TSA URL defined, test skipped"/>
    <system-err><![CDATA[java.net.SocketException: Interrupted function call: accept failed
	at java.base/java.net.PlainSocketImpl.accept0(Native Method)
	at java.base/java.net.PlainSocketImpl.socketAccept(PlainSocketImpl.java:159)
	at java.base/java.net.AbstractPlainSocketImpl.accept(AbstractPlainSocketImpl.java:474)
	at java.base/java.net.ServerSocket.implAccept(ServerSocket.java:551)
	at java.base/java.net.ServerSocket.accept(ServerSocket.java:519)
	at org.apache.wink.client.MockHttpServer.executeLoop(MockHttpServer.java:195)
	at org.apache.wink.client.MockHttpServer.run(MockHttpServer.java:188)
Exception in thread "Thread-0" java.lang.RuntimeException: java.net.SocketException: Interrupted function call: accept failed
	at org.apache.wink.client.MockHttpServer.executeLoop(MockHttpServer.java:204)
	at org.apache.wink.client.MockHttpServer.run(MockHttpServer.java:188)
Caused by: java.net.SocketException: Interrupted function call: accept failed
	at java.base/java.net.PlainSocketImpl.accept0(Native Method)
	at java.base/java.net.PlainSocketImpl.socketAccept(PlainSocketImpl.java:159)
	at java.base/java.net.AbstractPlainSocketImpl.accept(AbstractPlainSocketImpl.java:474)
	at java.base/java.net.ServerSocket.implAccept(ServerSocket.java:551)
	at java.base/java.net.ServerSocket.accept(ServerSocket.java:519)
	at org.apache.wink.client.MockHttpServer.executeLoop(MockHttpServer.java:195)
	... 1 more
]]></system-err>
  </testcase>
  <testcase name="testDetachedSHA256[0]" classname="org.apache.pdfbox.examples.pdmodel.TestCreateSignature" time="0">
    <skipped message="No TSA URL defined, test skipped"/>
  </testcase>
  <testcase name="testPDFBox3811[0]" classname="org.apache.pdfbox.examples.pdmodel.TestCreateSignature" time="0"/>
  <testcase name="testPDFBox3978[0]" classname="org.apache.pdfbox.examples.pdmodel.TestCreateSignature" time="0.001"/>
  <testcase name="testPDFBox4784[0]" classname="org.apache.pdfbox.examples.pdmodel.TestCreateSignature" time="0"/>
  <testcase name="testCreateSignedTimeStamp[0]" classname="org.apache.pdfbox.examples.pdmodel.TestCreateSignature" time="0">
    <skipped message="got: &lt;false&gt;, expected: is &lt;true&gt;"/>
  </testcase>
  <testcase name="testSaveIncrementalAfterSign[0]" classname="org.apache.pdfbox.examples.pdmodel.TestCreateSignature" time="0.625"/>
  <testcase name="testDoubleVisibleSignatureOnEncryptedFile[0]" classname="org.apache.pdfbox.examples.pdmodel.TestCreateSignature" time="2.066"/>
  <testcase name="testCreateVisibleSignature2[0]" classname="org.apache.pdfbox.examples.pdmodel.TestCreateSignature" time="0.188"/>
  <testcase name="testAddValidationInformation[0]" classname="org.apache.pdfbox.examples.pdmodel.TestCreateSignature" time="3.29"/>
  <testcase name="testCreateVisibleSignature[1]" classname="org.apache.pdfbox.examples.pdmodel.TestCreateSignature" time="0.253"/>
  <testcase name="testCRL[1]" classname="org.apache.pdfbox.examples.pdmodel.TestCreateSignature" time="0"/>
  <testcase name="testDetachedSHA256WithTSA[1]" classname="org.apache.pdfbox.examples.pdmodel.TestCreateSignature" time="0">
    <skipped message="No TSA URL defined, test skipped"/>
    <system-err><![CDATA[java.net.SocketException: Interrupted function call: accept failed
	at java.base/java.net.PlainSocketImpl.accept0(Native Method)
	at java.base/java.net.PlainSocketImpl.socketAccept(PlainSocketImpl.java:159)
	at java.base/java.net.AbstractPlainSocketImpl.accept(AbstractPlainSocketImpl.java:474)
	at java.base/java.net.ServerSocket.implAccept(ServerSocket.java:551)
	at java.base/java.net.ServerSocket.accept(ServerSocket.java:519)
	at org.apache.wink.client.MockHttpServer.executeLoop(MockHttpServer.java:195)
	at org.apache.wink.client.MockHttpServer.run(MockHttpServer.java:188)
Exception in thread "Thread-1" java.lang.RuntimeException: java.net.SocketException: Interrupted function call: accept failed
	at org.apache.wink.client.MockHttpServer.executeLoop(MockHttpServer.java:204)
	at org.apache.wink.client.MockHttpServer.run(MockHttpServer.java:188)
Caused by: java.net.SocketException: Interrupted function call: accept failed
	at java.base/java.net.PlainSocketImpl.accept0(Native Method)
	at java.base/java.net.PlainSocketImpl.socketAccept(PlainSocketImpl.java:159)
]]></system-err>
  </testcase>
  <testcase name="testDetachedSHA256[1]" classname="org.apache.pdfbox.examples.pdmodel.TestCreateSignature" time="0">
    <skipped message="No TSA URL defined, test skipped"/>
    <system-err><![CDATA[	at java.base/java.net.AbstractPlainSocketImpl.accept(AbstractPlainSocketImpl.java:474)
	at java.base/java.net.ServerSocket.implAccept(ServerSocket.java:551)
	at java.base/java.net.ServerSocket.accept(ServerSocket.java:519)
	at org.apache.wink.client.MockHttpServer.executeLoop(MockHttpServer.java:195)
	... 1 more
]]></system-err>
  </testcase>
  <testcase name="testPDFBox3811[1]" classname="org.apache.pdfbox.examples.pdmodel.TestCreateSignature" time="0.005"/>
  <testcase name="testPDFBox3978[1]" classname="org.apache.pdfbox.examples.pdmodel.TestCreateSignature" time="0.266"/>
  <testcase name="testPDFBox4784[1]" classname="org.apache.pdfbox.examples.pdmodel.TestCreateSignature" time="0.044"/>
  <testcase name="testCreateSignedTimeStamp[1]" classname="org.apache.pdfbox.examples.pdmodel.TestCreateSignature" time="0">
    <skipped message="No TSA URL defined, test skipped"/>
  </testcase>
  <testcase name="testSaveIncrementalAfterSign[1]" classname="org.apache.pdfbox.examples.pdmodel.TestCreateSignature" time="0.23"/>
  <testcase name="testDoubleVisibleSignatureOnEncryptedFile[1]" classname="org.apache.pdfbox.examples.pdmodel.TestCreateSignature" time="0.859"/>
  <testcase name="testCreateVisibleSignature2[1]" classname="org.apache.pdfbox.examples.pdmodel.TestCreateSignature" time="0.165"/>
  <testcase name="testAddValidationInformation[1]" classname="org.apache.pdfbox.examples.pdmodel.TestCreateSignature" time="0"/>
</testsuite>