<?xml version="1.0" encoding="UTF-8"?>
<testsuite xmlns:xsi="http://www.w3.org/2001/XMLSchema-instance" xsi:noNamespaceSchemaLocation="https://maven.apache.org/surefire/maven-surefire-plugin/xsd/surefire-test-report.xsd" name="org.apache.pdfbox.examples.pdmodel.TestCreateSignature" time="10.403" tests="24" errors="0" skipped="6" failures="0">
  <properties>
    <property name="sun.desktop" value="windows"/>
    <property name="awt.toolkit" value="sun.awt.windows.WToolkit"/>
    <property name="java.specification.version" value="11"/>
    <property name="sun.cpu.isalist" value="amd64"/>
    <property name="sun.jnu.encoding" value="Cp1252"/>
    <property name="java.class.path" value="D:\Code\HTIC\ge_oncology\pdfbox\examples\target\test-classes;D:\Code\HTIC\ge_oncology\pdfbox\examples\target\classes;C:\Users\ariha\.m2\repository\org\bouncycastle\bcmail-jdk15on\1.64\bcmail-jdk15on-1.64.jar;C:\Users\ariha\.m2\repository\org\bouncycastle\bcprov-jdk15on\1.64\bcprov-jdk15on-1.64.jar;C:\Users\ariha\.m2\repository\org\bouncycastle\bcpkix-jdk15on\1.64\bcpkix-jdk15on-1.64.jar;D:\Code\HTIC\ge_oncology\pdfbox\tools\target\pdfbox-tools-2.0.25.jar;D:\Code\HTIC\ge_oncology\pdfbox\debugger\target\pdfbox-debugger-2.0.25.jar;D:\Code\HTIC\ge_oncology\pdfbox\xmpbox\target\xmpbox-2.0.25.jar;C:\Users\ariha\.m2\repository\commons-logging\commons-logging\1.2\commons-logging-1.2.jar;D:\Code\HTIC\ge_oncology\pdfbox\preflight\target\preflight-2.0.25.jar;D:\Code\HTIC\ge_oncology\pdfbox\pdfbox\target\pdfbox-2.0.25.jar;D:\Code\HTIC\ge_oncology\pdfbox\fontbox\target\fontbox-2.0.25.jar;C:\Users\ariha\.m2\repository\org\apache\lucene\lucene-core\4.7.2\lucene-core-4.7.2.jar;C:\Users\ariha\.m2\repository\org\apache\lucene\lucene-analyzers-common\4.7.2\lucene-analyzers-common-4.7.2.jar;C:\Users\ariha\.m2\repository\org\apache\ant\ant\1.9.16\ant-1.9.16.jar;C:\Users\ariha\.m2\repository\org\apache\ant\ant-launcher\1.9.16\ant-launcher-1.9.16.jar;C:\Users\ariha\.m2\repository\junit\junit\4.13.2\junit-4.13.2.jar;C:\Users\ariha\.m2\repository\org\hamcrest\hamcrest-core\1.3\hamcrest-core-1.3.jar;C:\Users\ariha\.m2\repository\javax\servlet\javax.servlet-api\4.0.1\javax.servlet-api-4.0.1.jar;C:\Users\ariha\.m2\repository\org\apache\geronimo\specs\geronimo-jaxrs_1.1_spec\1.0\geronimo-jaxrs_1.1_spec-1.0.jar;C:\Users\ariha\.m2\repository\javax\xml\bind\jaxb-api\2.3.1\jaxb-api-2.3.1.jar;C:\Users\ariha\.m2\repository\javax\activation\javax.activation-api\1.2.0\javax.activation-api-1.2.0.jar;C:\Users\ariha\.m2\repository\javax\activation\activation\1.1.1\activation-1.1.1.jar;"/>
    <property name="java.vm.vendor" value="Oracle Corporation"/>
    <property name="sun.arch.data.model" value="64"/>
    <property name="user.variant" value=""/>
    <property name="java.vendor.url" value="https://openjdk.java.net/"/>
    <property name="user.timezone" value="Asia/Calcutta"/>
    <property name="java.vm.specification.version" value="11"/>
    <property name="os.name" value="Windows 11"/>
    <property name="sun.java.launcher" value="SUN_STANDARD"/>
    <property name="user.country" value="IN"/>
    <property name="sun.boot.library.path" value="C:\Program Files\Java\jdk-11.0.14\bin"/>
    <property name="sun.java.command" value="C:\Users\ariha\AppData\Local\Temp\surefire15731614032716214275\surefirebooter10167720624912180237.jar C:\Users\ariha\AppData\Local\Temp\surefire15731614032716214275 2022-02-25T17-22-57_051-jvmRun1 surefire4599641246903859111tmp surefire_111701196616463749421tmp"/>
    <property name="jdk.debug" value="release"/>
    <property name="surefire.test.class.path" value="D:\Code\HTIC\ge_oncology\pdfbox\examples\target\test-classes;D:\Code\HTIC\ge_oncology\pdfbox\examples\target\classes;C:\Users\ariha\.m2\repository\org\bouncycastle\bcmail-jdk15on\1.64\bcmail-jdk15on-1.64.jar;C:\Users\ariha\.m2\repository\org\bouncycastle\bcprov-jdk15on\1.64\bcprov-jdk15on-1.64.jar;C:\Users\ariha\.m2\repository\org\bouncycastle\bcpkix-jdk15on\1.64\bcpkix-jdk15on-1.64.jar;D:\Code\HTIC\ge_oncology\pdfbox\tools\target\pdfbox-tools-2.0.25.jar;D:\Code\HTIC\ge_oncology\pdfbox\debugger\target\pdfbox-debugger-2.0.25.jar;D:\Code\HTIC\ge_oncology\pdfbox\xmpbox\target\xmpbox-2.0.25.jar;C:\Users\ariha\.m2\repository\commons-logging\commons-logging\1.2\commons-logging-1.2.jar;D:\Code\HTIC\ge_oncology\pdfbox\preflight\target\preflight-2.0.25.jar;D:\Code\HTIC\ge_oncology\pdfbox\pdfbox\target\pdfbox-2.0.25.jar;D:\Code\HTIC\ge_oncology\pdfbox\fontbox\target\fontbox-2.0.25.jar;C:\Users\ariha\.m2\repository\org\apache\lucene\lucene-core\4.7.2\lucene-core-4.7.2.jar;C:\Users\ariha\.m2\repository\org\apache\lucene\lucene-analyzers-common\4.7.2\lucene-analyzers-common-4.7.2.jar;C:\Users\ariha\.m2\repository\org\apache\ant\ant\1.9.16\ant-1.9.16.jar;C:\Users\ariha\.m2\repository\org\apache\ant\ant-launcher\1.9.16\ant-launcher-1.9.16.jar;C:\Users\ariha\.m2\repository\junit\junit\4.13.2\junit-4.13.2.jar;C:\Users\ariha\.m2\repository\org\hamcrest\hamcrest-core\1.3\hamcrest-core-1.3.jar;C:\Users\ariha\.m2\repository\javax\servlet\javax.servlet-api\4.0.1\javax.servlet-api-4.0.1.jar;C:\Users\ariha\.m2\repository\org\apache\geronimo\specs\geronimo-jaxrs_1.1_spec\1.0\geronimo-jaxrs_1.1_spec-1.0.jar;C:\Users\ariha\.m2\repository\javax\xml\bind\jaxb-api\2.3.1\jaxb-api-2.3.1.jar;C:\Users\ariha\.m2\repository\javax\activation\javax.activation-api\1.2.0\javax.activation-api-1.2.0.jar;C:\Users\ariha\.m2\repository\javax\activation\activation\1.1.1\activation-1.1.1.jar;"/>
    <property name="sun.cpu.endian" value="little"/>
    <property name="user.home" value="C:\Users\ariha"/>
    <property name="user.language" value="en"/>
    <property name="java.specification.vendor" value="Oracle Corporation"/>
    <property name="java.version.date" value="2022-01-18"/>
    <property name="java.home" value="C:\Program Files\Java\jdk-11.0.14"/>
    <property name="file.separator" value="\"/>
    <property name="basedir" value="D:\Code\HTIC\ge_oncology\pdfbox\examples"/>
    <property name="java.vm.compressedOopsMode" value="Zero based"/>
    <property name="line.separator" value="&#10;"/>
    <property name="java.specification.name" value="Java Platform API Specification"/>
    <property name="java.vm.specification.vendor" value="Oracle Corporation"/>
    <property name="java.awt.graphicsenv" value="sun.awt.Win32GraphicsEnvironment"/>
    <property name="surefire.real.class.path" value="C:\Users\ariha\AppData\Local\Temp\surefire15731614032716214275\surefirebooter10167720624912180237.jar"/>
    <property name="user.script" value=""/>
    <property name="sun.management.compiler" value="HotSpot 64-Bit Tiered Compilers"/>
    <property name="java.runtime.version" value="11.0.14+8-LTS-263"/>
    <property name="user.name" value="ariha"/>
    <property name="path.separator" value=";"/>
    <property name="os.version" value="10.0"/>
    <property name="java.runtime.name" value="Java(TM) SE Runtime Environment"/>
    <property name="file.encoding" value="Cp1252"/>
    <property name="java.vm.name" value="Java HotSpot(TM) 64-Bit Server VM"/>
    <property name="java.vendor.version" value="18.9"/>
    <property name="localRepository" value="C:\Users\ariha\.m2\repository"/>
    <property name="java.vendor.url.bug" value="https://bugreport.java.com/bugreport/"/>
    <property name="java.io.tmpdir" value="C:\Users\ariha\AppData\Local\Temp\"/>
    <property name="java.version" value="11.0.14"/>
    <property name="user.dir" value="D:\Code\HTIC\ge_oncology\pdfbox\examples"/>
    <property name="os.arch" value="amd64"/>
    <property name="java.vm.specification.name" value="Java Virtual Machine Specification"/>
    <property name="java.awt.printerjob" value="sun.awt.windows.WPrinterJob"/>
    <property name="sun.os.patch.level" value=""/>
    <property name="java.library.path" value="C:\Program Files\Java\jdk-11.0.14\bin;C:\WINDOWS\Sun\Java\bin;C:\WINDOWS\system32;C:\WINDOWS;C:\Python310\Scripts\;C:\Python310\;C:\Program Files\Java\jdk-11.0.14\bin;C:\WINDOWS\system32;C:\WINDOWS;C:\WINDOWS\System32\Wbem;C:\WINDOWS\System32\WindowsPowerShell\v1.0\;C:\WINDOWS\System32\OpenSSH\;C:\Program Files (x86)\NVIDIA Corporation\PhysX\Common;C:\Program Files\NVIDIA Corporation\NVIDIA NvDLISR;C:\Program Files\nodejs\;C:\ProgramData\chocolatey\bin;C:\Program Files\Git\cmd;C:\Users\ariha\AppData\Local\Programs\Eclipse Adoptium\jdk-17.0.2.8-hotspot\bin;C:\Users\ariha\AppData\Local\Microsoft\WindowsApps;C:\Users\ariha\AppData\Local\Programs\Microsoft VS Code\bin;C:\Users\ariha\AppData\Roaming\npm;C:\adb;C:\Users\ariha\AppData\Local\Microsoft\WindowsApps;C:\Users\ariha\AppData\Local\Programs\Microsoft VS Code\bin;C:\Users\ariha\AppData\Roaming\npm;D:\Code\HTIC\apache-maven-3.8.4\bin;;."/>
    <property name="java.vendor" value="Oracle Corporation"/>
    <property name="java.vm.info" value="mixed mode"/>
    <property name="java.vm.version" value="11.0.14+8-LTS-263"/>
    <property name="sun.io.unicode.encoding" value="UnicodeLittle"/>
    <property name="java.class.version" value="55.0"/>
  </properties>
  <testcase name="testCreateVisibleSignature[0]" classname="org.apache.pdfbox.examples.pdmodel.TestCreateSignature" time="0.678"/>
  <testcase name="testCRL[0]" classname="org.apache.pdfbox.examples.pdmodel.TestCreateSignature" time="0.812"/>
  <testcase name="testDetachedSHA256WithTSA[0]" classname="org.apache.pdfbox.examples.pdmodel.TestCreateSignature" time="0">
    <skipped message="No TSA URL defined, test skipped"/>
    <system-err><![CDATA[java.net.SocketException: Interrupted function call: accept failed
	at java.base/java.net.PlainSocketImpl.accept0(Native Method)
	at java.base/java.net.PlainSocketImpl.socketAccept(PlainSocketImpl.java:159)
	at java.base/java.net.AbstractPlainSocketImpl.accept(AbstractPlainSocketImpl.java:474)
	at java.base/java.net.ServerSocket.implAccept(ServerSocket.java:551)
	at java.base/java.net.ServerSocket.accept(ServerSocket.java:519)
	at org.apache.wink.client.MockHttpServer.executeLoop(MockHttpServer.java:195)
	at org.apache.wink.client.MockHttpServer.run(MockHttpServer.java:188)
Exception in thread "Thread-0" java.lang.RuntimeException: java.net.SocketException: Interrupted function call: accept failed
	at org.apache.wink.client.MockHttpServer.executeLoop(MockHttpServer.java:204)
	at org.apache.wink.client.MockHttpServer.run(MockHttpServer.java:188)
Caused by: java.net.SocketException: Interrupted function call: accept failed
	at java.base/java.net.PlainSocketImpl.accept0(Native Method)
	at java.base/java.net.PlainSocketImpl.socketAccept(PlainSocketImpl.java:159)
	at java.base/java.net.AbstractPlainSocketImpl.accept(AbstractPlainSocketImpl.java:474)
	at java.base/java.net.ServerSocket.implAccept(ServerSocket.java:551)
	at java.base/java.net.ServerSocket.accept(ServerSocket.java:519)
	at org.apache.wink.client.MockHttpServer.executeLoop(MockHttpServer.java:195)
	... 1 more
]]></system-err>
  </testcase>
  <testcase name="testDetachedSHA256[0]" classname="org.apache.pdfbox.examples.pdmodel.TestCreateSignature" time="0">
    <skipped message="No TSA URL defined, test skipped"/>
  </testcase>
  <testcase name="testPDFBox3811[0]" classname="org.apache.pdfbox.examples.pdmodel.TestCreateSignature" time="0"/>
  <testcase name="testPDFBox3978[0]" classname="org.apache.pdfbox.examples.pdmodel.TestCreateSignature" time="0.001"/>
  <testcase name="testPDFBox4784[0]" classname="org.apache.pdfbox.examples.pdmodel.TestCreateSignature" time="0"/>
  <testcase name="testCreateSignedTimeStamp[0]" classname="org.apache.pdfbox.examples.pdmodel.TestCreateSignature" time="0">
    <skipped message="got: &lt;false&gt;, expected: is &lt;true&gt;"/>
  </testcase>
  <testcase name="testSaveIncrementalAfterSign[0]" classname="org.apache.pdfbox.examples.pdmodel.TestCreateSignature" time="0.625"/>
  <testcase name="testDoubleVisibleSignatureOnEncryptedFile[0]" classname="org.apache.pdfbox.examples.pdmodel.TestCreateSignature" time="2.066"/>
  <testcase name="testCreateVisibleSignature2[0]" classname="org.apache.pdfbox.examples.pdmodel.TestCreateSignature" time="0.188"/>
  <testcase name="testAddValidationInformation[0]" classname="org.apache.pdfbox.examples.pdmodel.TestCreateSignature" time="3.29"/>
  <testcase name="testCreateVisibleSignature[1]" classname="org.apache.pdfbox.examples.pdmodel.TestCreateSignature" time="0.253"/>
  <testcase name="testCRL[1]" classname="org.apache.pdfbox.examples.pdmodel.TestCreateSignature" time="0"/>
  <testcase name="testDetachedSHA256WithTSA[1]" classname="org.apache.pdfbox.examples.pdmodel.TestCreateSignature" time="0">
    <skipped message="No TSA URL defined, test skipped"/>
    <system-err><![CDATA[java.net.SocketException: Interrupted function call: accept failed
	at java.base/java.net.PlainSocketImpl.accept0(Native Method)
	at java.base/java.net.PlainSocketImpl.socketAccept(PlainSocketImpl.java:159)
	at java.base/java.net.AbstractPlainSocketImpl.accept(AbstractPlainSocketImpl.java:474)
	at java.base/java.net.ServerSocket.implAccept(ServerSocket.java:551)
	at java.base/java.net.ServerSocket.accept(ServerSocket.java:519)
	at org.apache.wink.client.MockHttpServer.executeLoop(MockHttpServer.java:195)
	at org.apache.wink.client.MockHttpServer.run(MockHttpServer.java:188)
Exception in thread "Thread-1" java.lang.RuntimeException: java.net.SocketException: Interrupted function call: accept failed
	at org.apache.wink.client.MockHttpServer.executeLoop(MockHttpServer.java:204)
	at org.apache.wink.client.MockHttpServer.run(MockHttpServer.java:188)
Caused by: java.net.SocketException: Interrupted function call: accept failed
	at java.base/java.net.PlainSocketImpl.accept0(Native Method)
	at java.base/java.net.PlainSocketImpl.socketAccept(PlainSocketImpl.java:159)
]]></system-err>
  </testcase>
  <testcase name="testDetachedSHA256[1]" classname="org.apache.pdfbox.examples.pdmodel.TestCreateSignature" time="0">
    <skipped message="No TSA URL defined, test skipped"/>
    <system-err><![CDATA[	at java.base/java.net.AbstractPlainSocketImpl.accept(AbstractPlainSocketImpl.java:474)
	at java.base/java.net.ServerSocket.implAccept(ServerSocket.java:551)
	at java.base/java.net.ServerSocket.accept(ServerSocket.java:519)
	at org.apache.wink.client.MockHttpServer.executeLoop(MockHttpServer.java:195)
	... 1 more
]]></system-err>
  </testcase>
  <testcase name="testPDFBox3811[1]" classname="org.apache.pdfbox.examples.pdmodel.TestCreateSignature" time="0.005"/>
  <testcase name="testPDFBox3978[1]" classname="org.apache.pdfbox.examples.pdmodel.TestCreateSignature" time="0.266"/>
  <testcase name="testPDFBox4784[1]" classname="org.apache.pdfbox.examples.pdmodel.TestCreateSignature" time="0.044"/>
  <testcase name="testCreateSignedTimeStamp[1]" classname="org.apache.pdfbox.examples.pdmodel.TestCreateSignature" time="0">
    <skipped message="No TSA URL defined, test skipped"/>
  </testcase>
  <testcase name="testSaveIncrementalAfterSign[1]" classname="org.apache.pdfbox.examples.pdmodel.TestCreateSignature" time="0.23"/>
  <testcase name="testDoubleVisibleSignatureOnEncryptedFile[1]" classname="org.apache.pdfbox.examples.pdmodel.TestCreateSignature" time="0.859"/>
  <testcase name="testCreateVisibleSignature2[1]" classname="org.apache.pdfbox.examples.pdmodel.TestCreateSignature" time="0.165"/>
  <testcase name="testAddValidationInformation[1]" classname="org.apache.pdfbox.examples.pdmodel.TestCreateSignature" time="0"/>
</testsuite>